{"meta": {"format": 3, "version": "7.12.0", "timestamp": "2025-12-01T02:38:18.397551", "branch_coverage": false, "show_contexts": false}, "files": {".claude/skills/.agents/__init__.py": {"executed_lines": [], "summary": {"covered_lines": 0, "num_statements": 0, "percent_covered": 100.0, "percent_covered_display": "100", "missing_lines": 0, "excluded_lines": 0, "percent_statements_covered": 100.0, "percent_statements_covered_display": "100"}, "missing_lines": [], "excluded_lines": [], "functions": {"": {"executed_lines": [], "summary": {"covered_lines": 0, "num_statements": 0, "percent_covered": 100.0, "percent_covered_display": "100", "missing_lines": 0, "excluded_lines": 0, "percent_statements_covered": 100.0, "percent_statements_covered_display": "100"}, "missing_lines": [], "excluded_lines": []}}, "classes": {"": {"executed_lines": [], "summary": {"covered_lines": 0, "num_statements": 0, "percent_covered": 100.0, "percent_covered_display": "100", "missing_lines": 0, "excluded_lines": 0, "percent_statements_covered": 100.0, "percent_statements_covered_display": "100"}, "missing_lines": [], "excluded_lines": []}}}, ".claude/skills/.agents/agentdb-state-manager/__init__.py": {"executed_lines": [], "summary": {"covered_lines": 0, "num_statements": 0, "percent_covered": 100.0, "percent_covered_display": "100", "missing_lines": 0, "excluded_lines": 0, "percent_statements_covered": 100.0, "percent_statements_covered_display": "100"}, "missing_lines": [], "excluded_lines": [], "functions": {"": {"executed_lines": [], "summary": {"covered_lines": 0, "num_statements": 0, "percent_covered": 100.0, "percent_covered_display": "100", "missing_lines": 0, "excluded_lines": 0, "percent_statements_covered": 100.0, "percent_statements_covered_display": "100"}, "missing_lines": [], "excluded_lines": []}}, "classes": {"": {"executed_lines": [], "summary": {"covered_lines": 0, "num_statements": 0, "percent_covered": 100.0, "percent_covered_display": "100", "missing_lines": 0, "excluded_lines": 0, "percent_statements_covered": 100.0, "percent_statements_covered_display": "100"}, "missing_lines": [], "excluded_lines": []}}}, ".claude/skills/.agents/agentdb-state-manager/scripts/__init__.py": {"executed_lines": [], "summary": {"covered_lines": 0, "num_statements": 1, "percent_covered": 0.0, "percent_covered_display": "0", "missing_lines": 1, "excluded_lines": 0, "percent_statements_covered": 0.0, "percent_statements_covered_display": "0"}, "missing_lines": [3], "excluded_lines": [], "functions": {"": {"executed_lines": [], "summary": {"covered_lines": 0, "num_statements": 1, "percent_covered": 0.0, "percent_covered_display": "0", "missing_lines": 1, "excluded_lines": 0, "percent_statements_covered": 0.0, "percent_statements_covered_display": "0"}, "missing_lines": [3], "excluded_lines": []}}, "classes": {"": {"executed_lines": [], "summary": {"covered_lines": 0, "num_statements": 1, "percent_covered": 0.0, "percent_covered_display": "0", "missing_lines": 1, "excluded_lines": 0, "percent_statements_covered": 0.0, "percent_statements_covered_display": "0"}, "missing_lines": [3], "excluded_lines": []}}}, ".claude/skills/.agents/agentdb-state-manager/scripts/analyze_metrics.py": {"executed_lines": [], "summary": {"covered_lines": 0, "num_statements": 16, "percent_covered": 0.0, "percent_covered_display": "0", "missing_lines": 16, "excluded_lines": 0, "percent_statements_covered": 0.0, "percent_statements_covered_display": "0"}, "missing_lines": [8, 11, 12, 13, 14, 15, 20, 38, 48, 49, 50, 51, 52, 53, 56, 57], "excluded_lines": [], "functions": {"main": {"executed_lines": [], "summary": {"covered_lines": 0, "num_statements": 12, "percent_covered": 0.0, "percent_covered_display": "0", "missing_lines": 12, "excluded_lines": 0, "percent_statements_covered": 0.0, "percent_statements_covered_display": "0"}, "missing_lines": [12, 13, 14, 15, 20, 38, 48, 49, 50, 51, 52, 53], "excluded_lines": []}, "": {"executed_lines": [], "summary": {"covered_lines": 0, "num_statements": 4, "percent_covered": 0.0, "percent_covered_display": "0", "missing_lines": 4, "excluded_lines": 0, "percent_statements_covered": 0.0, "percent_statements_covered_display": "0"}, "missing_lines": [8, 11, 56, 57], "excluded_lines": []}}, "classes": {"": {"executed_lines": [], "summary": {"covered_lines": 0, "num_statements": 16, "percent_covered": 0.0, "percent_covered_display": "0", "missing_lines": 16, "excluded_lines": 0, "percent_statements_covered": 0.0, "percent_statements_covered_display": "0"}, "missing_lines": [8, 11, 12, 13, 14, 15, 20, 38, 48, 49, 50, 51, 52, 53, 56, 57], "excluded_lines": []}}}, ".claude/skills/.agents/agentdb-state-manager/scripts/checkpoint_manager.py": {"executed_lines": [], "summary": {"covered_lines": 0, "num_statements": 39, "percent_covered": 0.0, "percent_covered_display": "0", "missing_lines": 39, "excluded_lines": 0, "percent_statements_covered": 0.0, "percent_statements_covered_display": "0"}, "missing_lines": [10, 11, 12, 15, 17, 19, 35, 41, 42, 43, 46, 48, 57, 58, 59, 62, 64, 71, 72, 73, 74, 77, 78, 79, 82, 83, 86, 89, 90, 92, 94, 95, 96, 97, 98, 99, 101, 104, 105], "excluded_lines": [], "functions": {"store_checkpoint": {"executed_lines": [], "summary": {"covered_lines": 0, "num_statements": 6, "percent_covered": 0.0, "percent_covered_display": "0", "missing_lines": 6, "excluded_lines": 0, "percent_statements_covered": 0.0, "percent_statements_covered_display": "0"}, "missing_lines": [17, 19, 35, 41, 42, 43], "excluded_lines": []}, "list_checkpoints": {"executed_lines": [], "summary": {"covered_lines": 0, "num_statements": 4, "percent_covered": 0.0, "percent_covered_display": "0", "missing_lines": 4, "excluded_lines": 0, "percent_statements_covered": 0.0, "percent_statements_covered_display": "0"}, "missing_lines": [48, 57, 58, 59], "excluded_lines": []}, "restore_checkpoint": {"executed_lines": [], "summary": {"covered_lines": 0, "num_statements": 5, "percent_covered": 0.0, "percent_covered_display": "0", "missing_lines": 5, "excluded_lines": 0, "percent_statements_covered": 0.0, "percent_statements_covered_display": "0"}, "missing_lines": [64, 71, 72, 73, 74], "excluded_lines": []}, "main": {"executed_lines": [], "summary": {"covered_lines": 0, "num_statements": 15, "percent_covered": 0.0, "percent_covered_display": "0", "missing_lines": 15, "excluded_lines": 0, "percent_statements_covered": 0.0, "percent_statements_covered_display": "0"}, "missing_lines": [78, 79, 82, 83, 86, 89, 90, 92, 94, 95, 96, 97, 98, 99, 101], "excluded_lines": []}, "": {"executed_lines": [], "summary": {"covered_lines": 0, "num_statements": 9, "percent_covered": 0.0, "percent_covered_display": "0", "missing_lines": 9, "excluded_lines": 0, "percent_statements_covered": 0.0, "percent_statements_covered_display": "0"}, "missing_lines": [10, 11, 12, 15, 46, 62, 77, 104, 105], "excluded_lines": []}}, "classes": {"": {"executed_lines": [], "summary": {"covered_lines": 0, "num_statements": 39, "percent_covered": 0.0, "percent_covered_display": "0", "missing_lines": 39, "excluded_lines": 0, "percent_statements_covered": 0.0, "percent_statements_covered_display": "0"}, "missing_lines": [10, 11, 12, 15, 17, 19, 35, 41, 42, 43, 46, 48, 57, 58, 59, 62, 64, 71, 72, 73, 74, 77, 78, 79, 82, 83, 86, 89, 90, 92, 94, 95, 96, 97, 98, 99, 101, 104, 105], "excluded_lines": []}}}, ".claude/skills/.agents/agentdb-state-manager/scripts/init_database.py": {"executed_lines": [], "summary": {"covered_lines": 0, "num_statements": 115, "percent_covered": 0.0, "percent_covered_display": "0", "missing_lines": 115, "excluded_lines": 0, "percent_statements_covered": 0.0, "percent_statements_covered_display": "0"}, "missing_lines": [20, 21, 22, 23, 24, 25, 26, 29, 35, 36, 39, 46, 47, 49, 50, 52, 56, 59, 60, 61, 62, 63, 64, 67, 74, 75, 78, 84, 87, 93, 96, 102, 105, 114, 115, 118, 128, 129, 131, 133, 134, 135, 136, 137, 138, 139, 140, 141, 144, 157, 163, 223, 224, 225, 226, 228, 229, 231, 234, 245, 250, 256, 257, 258, 260, 261, 263, 266, 273, 274, 275, 277, 278, 279, 281, 282, 283, 284, 286, 287, 288, 290, 291, 292, 293, 295, 296, 298, 299, 300, 301, 303, 304, 305, 306, 308, 311, 313, 331, 335, 337, 338, 339, 342, 343, 344, 346, 349, 352, 353, 356, 357, 360, 363, 364], "excluded_lines": [], "functions": {"get_default_db_path": {"executed_lines": [], "summary": {"covered_lines": 0, "num_statements": 5, "percent_covered": 0.0, "percent_covered_display": "0", "missing_lines": 5, "excluded_lines": 0, "percent_statements_covered": 0.0, "percent_statements_covered_display": "0"}, "missing_lines": [46, 47, 49, 50, 52], "excluded_lines": []}, "error_exit": {"executed_lines": [], "summary": {"covered_lines": 0, "num_statements": 2, "percent_covered": 0.0, "percent_covered_display": "0", "missing_lines": 2, "excluded_lines": 0, "percent_statements_covered": 0.0, "percent_statements_covered_display": "0"}, "missing_lines": [74, 75], "excluded_lines": []}, "success": {"executed_lines": [], "summary": {"covered_lines": 0, "num_statements": 1, "percent_covered": 0.0, "percent_covered_display": "0", "missing_lines": 1, "excluded_lines": 0, "percent_statements_covered": 0.0, "percent_statements_covered_display": "0"}, "missing_lines": [84], "excluded_lines": []}, "info": {"executed_lines": [], "summary": {"covered_lines": 0, "num_statements": 1, "percent_covered": 0.0, "percent_covered_display": "0", "missing_lines": 1, "excluded_lines": 0, "percent_statements_covered": 0.0, "percent_statements_covered_display": "0"}, "missing_lines": [93], "excluded_lines": []}, "warning": {"executed_lines": [], "summary": {"covered_lines": 0, "num_statements": 1, "percent_covered": 0.0, "percent_covered_display": "0", "missing_lines": 1, "excluded_lines": 0, "percent_statements_covered": 0.0, "percent_statements_covered_display": "0"}, "missing_lines": [102], "excluded_lines": []}, "generate_session_id": {"executed_lines": [], "summary": {"covered_lines": 0, "num_statements": 2, "percent_covered": 0.0, "percent_covered_display": "0", "missing_lines": 2, "excluded_lines": 0, "percent_statements_covered": 0.0, "percent_statements_covered_display": "0"}, "missing_lines": [114, 115], "excluded_lines": []}, "load_workflow_states": {"executed_lines": [], "summary": {"covered_lines": 0, "num_statements": 12, "percent_covered": 0.0, "percent_covered_display": "0", "missing_lines": 12, "excluded_lines": 0, "percent_statements_covered": 0.0, "percent_statements_covered_display": "0"}, "missing_lines": [128, 129, 131, 133, 134, 135, 136, 137, 138, 139, 140, 141], "excluded_lines": []}, "create_schema": {"executed_lines": [], "summary": {"covered_lines": 0, "num_statements": 9, "percent_covered": 0.0, "percent_covered_display": "0", "missing_lines": 9, "excluded_lines": 0, "percent_statements_covered": 0.0, "percent_statements_covered_display": "0"}, "missing_lines": [157, 163, 223, 224, 225, 226, 228, 229, 231], "excluded_lines": []}, "validate_schema": {"executed_lines": [], "summary": {"covered_lines": 0, "num_statements": 8, "percent_covered": 0.0, "percent_covered_display": "0", "missing_lines": 8, "excluded_lines": 0, "percent_statements_covered": 0.0, "percent_statements_covered_display": "0"}, "missing_lines": [245, 250, 256, 257, 258, 260, 261, 263], "excluded_lines": []}, "print_summary": {"executed_lines": [], "summary": {"covered_lines": 0, "num_statements": 28, "percent_covered": 0.0, "percent_covered_display": "0", "missing_lines": 28, "excluded_lines": 0, "percent_statements_covered": 0.0, "percent_statements_covered_display": "0"}, "missing_lines": [273, 274, 275, 277, 278, 279, 281, 282, 283, 284, 286, 287, 288, 290, 291, 292, 293, 295, 296, 298, 299, 300, 301, 303, 304, 305, 306, 308], "excluded_lines": []}, "main": {"executed_lines": [], "summary": {"covered_lines": 0, "num_statements": 16, "percent_covered": 0.0, "percent_covered_display": "0", "missing_lines": 16, "excluded_lines": 0, "percent_statements_covered": 0.0, "percent_statements_covered_display": "0"}, "missing_lines": [313, 331, 335, 337, 338, 339, 342, 343, 344, 346, 349, 352, 353, 356, 357, 360], "excluded_lines": []}, "": {"executed_lines": [], "summary": {"covered_lines": 0, "num_statements": 30, "percent_covered": 0.0, "percent_covered_display": "0", "missing_lines": 30, "excluded_lines": 0, "percent_statements_covered": 0.0, "percent_statements_covered_display": "0"}, "missing_lines": [20, 21, 22, 23, 24, 25, 26, 29, 35, 36, 39, 56, 59, 60, 61, 62, 63, 64, 67, 78, 87, 96, 105, 118, 144, 234, 266, 311, 363, 364], "excluded_lines": []}}, "classes": {"Colors": {"executed_lines": [], "summary": {"covered_lines": 0, "num_statements": 0, "percent_covered": 100.0, "percent_covered_display": "100", "missing_lines": 0, "excluded_lines": 0, "percent_statements_covered": 100.0, "percent_statements_covered_display": "100"}, "missing_lines": [], "excluded_lines": []}, "": {"executed_lines": [], "summary": {"covered_lines": 0, "num_statements": 115, "percent_covered": 0.0, "percent_covered_display": "0", "missing_lines": 115, "excluded_lines": 0, "percent_statements_covered": 0.0, "percent_statements_covered_display": "0"}, "missing_lines": [20, 21, 22, 23, 24, 25, 26, 29, 35, 36, 39, 46, 47, 49, 50, 52, 56, 59, 60, 61, 62, 63, 64, 67, 74, 75, 78, 84, 87, 93, 96, 102, 105, 114, 115, 118, 128, 129, 131, 133, 134, 135, 136, 137, 138, 139, 140, 141, 144, 157, 163, 223, 224, 225, 226, 228, 229, 231, 234, 245, 250, 256, 257, 258, 260, 261, 263, 266, 273, 274, 275, 277, 278, 279, 281, 282, 283, 284, 286, 287, 288, 290, 291, 292, 293, 295, 296, 298, 299, 300, 301, 303, 304, 305, 306, 308, 311, 313, 331, 335, 337, 338, 339, 342, 343, 344, 346, 349, 352, 353, 356, 357, 360, 363, 364], "excluded_lines": []}}}, ".claude/skills/.agents/agentdb-state-manager/scripts/query_state.py": {"executed_lines": [], "summary": {"covered_lines": 0, "num_statements": 15, "percent_covered": 0.0, "percent_covered_display": "0", "missing_lines": 15, "excluded_lines": 0, "percent_statements_covered": 0.0, "percent_statements_covered_display": "0"}, "missing_lines": [8, 11, 12, 13, 14, 15, 16, 19, 26, 28, 41, 42, 43, 46, 47], "excluded_lines": [], "functions": {"main": {"executed_lines": [], "summary": {"covered_lines": 0, "num_statements": 11, "percent_covered": 0.0, "percent_covered_display": "0", "missing_lines": 11, "excluded_lines": 0, "percent_statements_covered": 0.0, "percent_statements_covered_display": "0"}, "missing_lines": [12, 13, 14, 15, 16, 19, 26, 28, 41, 42, 43], "excluded_lines": []}, "": {"executed_lines": [], "summary": {"covered_lines": 0, "num_statements": 4, "percent_covered": 0.0, "percent_covered_display": "0", "missing_lines": 4, "excluded_lines": 0, "percent_statements_covered": 0.0, "percent_statements_covered_display": "0"}, "missing_lines": [8, 11, 46, 47], "excluded_lines": []}}, "classes": {"": {"executed_lines": [], "summary": {"covered_lines": 0, "num_statements": 15, "percent_covered": 0.0, "percent_covered_display": "0", "missing_lines": 15, "excluded_lines": 0, "percent_statements_covered": 0.0, "percent_statements_covered_display": "0"}, "missing_lines": [8, 11, 12, 13, 14, 15, 16, 19, 26, 28, 41, 42, 43, 46, 47], "excluded_lines": []}}}, ".claude/skills/.agents/agentdb-state-manager/scripts/query_workflow_state.py": {"executed_lines": [], "summary": {"covered_lines": 0, "num_statements": 86, "percent_covered": 0.0, "percent_covered_display": "0", "missing_lines": 86, "excluded_lines": 0, "percent_statements_covered": 0.0, "percent_statements_covered_display": "0"}, "missing_lines": [17, 18, 19, 20, 23, 34, 40, 42, 47, 50, 51, 52, 53, 54, 57, 63, 66, 67, 68, 71, 72, 73, 75, 78, 89, 90, 92, 94, 110, 111, 113, 114, 115, 117, 118, 128, 130, 132, 135, 136, 137, 138, 139, 140, 141, 144, 154, 155, 158, 160, 161, 170, 172, 173, 183, 184, 186, 197, 206, 208, 209, 210, 211, 213, 214, 216, 218, 220, 221, 223, 224, 226, 227, 229, 231, 234, 236, 252, 255, 259, 262, 265, 266, 268, 271, 272], "excluded_lines": [], "functions": {"get_worktree_path": {"executed_lines": [], "summary": {"covered_lines": 0, "num_statements": 8, "percent_covered": 0.0, "percent_covered_display": "0", "missing_lines": 8, "excluded_lines": 0, "percent_statements_covered": 0.0, "percent_statements_covered_display": "0"}, "missing_lines": [40, 42, 47, 50, 51, 52, 53, 54], "excluded_lines": []}, "get_database_path": {"executed_lines": [], "summary": {"covered_lines": 0, "num_statements": 8, "percent_covered": 0.0, "percent_covered_display": "0", "missing_lines": 8, "excluded_lines": 0, "percent_statements_covered": 0.0, "percent_statements_covered_display": "0"}, "missing_lines": [63, 66, 67, 68, 71, 72, 73, 75], "excluded_lines": []}, "query_latest_sync": {"executed_lines": [], "summary": {"covered_lines": 0, "num_statements": 21, "percent_covered": 0.0, "percent_covered_display": "0", "missing_lines": 21, "excluded_lines": 0, "percent_statements_covered": 0.0, "percent_statements_covered_display": "0"}, "missing_lines": [89, 90, 92, 94, 110, 111, 113, 114, 115, 117, 118, 128, 130, 132, 135, 136, 137, 138, 139, 140, 141], "excluded_lines": []}, "get_workflow_state": {"executed_lines": [], "summary": {"covered_lines": 0, "num_statements": 11, "percent_covered": 0.0, "percent_covered_display": "0", "missing_lines": 11, "excluded_lines": 0, "percent_statements_covered": 0.0, "percent_statements_covered_display": "0"}, "missing_lines": [154, 155, 158, 160, 161, 170, 172, 173, 183, 184, 186], "excluded_lines": []}, "format_text": {"executed_lines": [], "summary": {"covered_lines": 0, "num_statements": 17, "percent_covered": 0.0, "percent_covered_display": "0", "missing_lines": 17, "excluded_lines": 0, "percent_statements_covered": 0.0, "percent_statements_covered_display": "0"}, "missing_lines": [206, 208, 209, 210, 211, 213, 214, 216, 218, 220, 221, 223, 224, 226, 227, 229, 231], "excluded_lines": []}, "main": {"executed_lines": [], "summary": {"covered_lines": 0, "num_statements": 8, "percent_covered": 0.0, "percent_covered_display": "0", "missing_lines": 8, "excluded_lines": 0, "percent_statements_covered": 0.0, "percent_statements_covered_display": "0"}, "missing_lines": [236, 252, 255, 259, 262, 265, 266, 268], "excluded_lines": []}, "": {"executed_lines": [], "summary": {"covered_lines": 0, "num_statements": 13, "percent_covered": 0.0, "percent_covered_display": "0", "missing_lines": 13, "excluded_lines": 0, "percent_statements_covered": 0.0, "percent_statements_covered_display": "0"}, "missing_lines": [17, 18, 19, 20, 23, 34, 57, 78, 144, 197, 234, 271, 272], "excluded_lines": []}}, "classes": {"": {"executed_lines": [], "summary": {"covered_lines": 0, "num_statements": 86, "percent_covered": 0.0, "percent_covered_display": "0", "missing_lines": 86, "excluded_lines": 0, "percent_statements_covered": 0.0, "percent_statements_covered_display": "0"}, "missing_lines": [17, 18, 19, 20, 23, 34, 40, 42, 47, 50, 51, 52, 53, 54, 57, 63, 66, 67, 68, 71, 72, 73, 75, 78, 89, 90, 92, 94, 110, 111, 113, 114, 115, 117, 118, 128, 130, 132, 135, 136, 137, 138, 139, 140, 141, 144, 154, 155, 158, 160, 161, 170, 172, 173, 183, 184, 186, 197, 206, 208, 209, 210, 211, 213, 214, 216, 218, 220, 221, 223, 224, 226, 227, 229, 231, 234, 236, 252, 255, 259, 262, 265, 266, 268, 271, 272], "excluded_lines": []}}}, ".claude/skills/.agents/agentdb-state-manager/scripts/record_sync.py": {"executed_lines": [], "summary": {"covered_lines": 0, "num_statements": 92, "percent_covered": 0.0, "percent_covered_display": "0", "missing_lines": 92, "excluded_lines": 0, "percent_statements_covered": 0.0, "percent_statements_covered_display": "0"}, "missing_lines": [17, 18, 19, 20, 21, 22, 23, 26, 29, 42, 48, 50, 55, 58, 59, 60, 61, 62, 65, 72, 75, 76, 77, 80, 81, 82, 85, 86, 89, 95, 96, 99, 100, 102, 103, 106, 132, 133, 135, 137, 140, 143, 144, 147, 150, 153, 154, 157, 160, 182, 183, 185, 186, 187, 188, 190, 191, 192, 194, 197, 199, 216, 219, 220, 221, 222, 225, 227, 230, 231, 232, 233, 234, 235, 236, 238, 239, 248, 249, 250, 251, 252, 253, 254, 256, 257, 258, 259, 260, 261, 264, 265], "excluded_lines": [], "functions": {"get_worktree_path": {"executed_lines": [], "summary": {"covered_lines": 0, "num_statements": 8, "percent_covered": 0.0, "percent_covered_display": "0", "missing_lines": 8, "excluded_lines": 0, "percent_statements_covered": 0.0, "percent_statements_covered_display": "0"}, "missing_lines": [48, 50, 55, 58, 59, 60, 61, 62], "excluded_lines": []}, "get_database_path": {"executed_lines": [], "summary": {"covered_lines": 0, "num_statements": 9, "percent_covered": 0.0, "percent_covered_display": "0", "missing_lines": 9, "excluded_lines": 0, "percent_statements_covered": 0.0, "percent_statements_covered_display": "0"}, "missing_lines": [72, 75, 76, 77, 80, 81, 82, 85, 86], "excluded_lines": []}, "init_database_if_needed": {"executed_lines": [], "summary": {"covered_lines": 0, "num_statements": 6, "percent_covered": 0.0, "percent_covered_display": "0", "missing_lines": 6, "excluded_lines": 0, "percent_statements_covered": 0.0, "percent_statements_covered_display": "0"}, "missing_lines": [95, 96, 99, 100, 102, 103], "excluded_lines": []}, "record_sync": {"executed_lines": [], "summary": {"covered_lines": 0, "num_statements": 23, "percent_covered": 0.0, "percent_covered_display": "0", "missing_lines": 23, "excluded_lines": 0, "percent_statements_covered": 0.0, "percent_statements_covered_display": "0"}, "missing_lines": [132, 133, 135, 137, 140, 143, 144, 147, 150, 153, 154, 157, 160, 182, 183, 185, 186, 187, 188, 190, 191, 192, 194], "excluded_lines": []}, "main": {"executed_lines": [], "summary": {"covered_lines": 0, "num_statements": 30, "percent_covered": 0.0, "percent_covered_display": "0", "missing_lines": 30, "excluded_lines": 0, "percent_statements_covered": 0.0, "percent_statements_covered_display": "0"}, "missing_lines": [199, 216, 219, 220, 221, 222, 225, 227, 230, 231, 232, 233, 234, 235, 236, 238, 239, 248, 249, 250, 251, 252, 253, 254, 256, 257, 258, 259, 260, 261], "excluded_lines": []}, "": {"executed_lines": [], "summary": {"covered_lines": 0, "num_statements": 16, "percent_covered": 0.0, "percent_covered_display": "0", "missing_lines": 16, "excluded_lines": 0, "percent_statements_covered": 0.0, "percent_statements_covered_display": "0"}, "missing_lines": [17, 18, 19, 20, 21, 22, 23, 26, 29, 42, 65, 89, 106, 197, 264, 265], "excluded_lines": []}}, "classes": {"": {"executed_lines": [], "summary": {"covered_lines": 0, "num_statements": 92, "percent_covered": 0.0, "percent_covered_display": "0", "missing_lines": 92, "excluded_lines": 0, "percent_statements_covered": 0.0, "percent_statements_covered_display": "0"}, "missing_lines": [17, 18, 19, 20, 21, 22, 23, 26, 29, 42, 48, 50, 55, 58, 59, 60, 61, 62, 65, 72, 75, 76, 77, 80, 81, 82, 85, 86, 89, 95, 96, 99, 100, 102, 103, 106, 132, 133, 135, 137, 140, 143, 144, 147, 150, 153, 154, 157, 160, 182, 183, 185, 186, 187, 188, 190, 191, 192, 194, 197, 199, 216, 219, 220, 221, 222, 225, 227, 230, 231, 232, 233, 234, 235, 236, 238, 239, 248, 249, 250, 251, 252, 253, 254, 256, 257, 258, 259, 260, 261, 264, 265], "excluded_lines": []}}}, ".claude/skills/.agents/agentdb-state-manager/scripts/sync_engine.py": {"executed_lines": [], "summary": {"covered_lines": 0, "num_statements": 123, "percent_covered": 0.0, "percent_covered_display": "0", "missing_lines": 123, "excluded_lines": 0, "percent_statements_covered": 0.0, "percent_statements_covered_display": "0"}, "missing_lines": [21, 22, 23, 24, 25, 26, 27, 28, 29, 31, 32, 33, 34, 37, 42, 45, 52, 53, 55, 56, 57, 60, 84, 98, 100, 101, 102, 103, 104, 109, 111, 142, 145, 148, 149, 151, 166, 167, 169, 170, 171, 172, 174, 176, 204, 207, 209, 210, 211, 213, 214, 215, 218, 221, 223, 225, 250, 251, 253, 254, 255, 257, 260, 261, 262, 263, 264, 266, 268, 292, 309, 312, 322, 325, 326, 328, 329, 330, 331, 334, 335, 338, 340, 342, 343, 345, 347, 365, 367, 389, 391, 420, 439, 443, 444, 447, 475, 492, 498, 500, 530, 533, 535, 540, 542, 547, 551, 552, 556, 559, 560, 566, 567, 568, 570, 572, 574, 576, 577, 579, 581, 583, 585], "excluded_lines": [], "functions": {"_get_worktree_defaults": {"executed_lines": [], "summary": {"covered_lines": 0, "num_statements": 5, "percent_covered": 0.0, "percent_covered_display": "0", "missing_lines": 5, "excluded_lines": 0, "percent_statements_covered": 0.0, "percent_statements_covered_display": "0"}, "missing_lines": [52, 53, 55, 56, 57], "excluded_lines": []}, "SynchronizationEngine.__init__": {"executed_lines": [], "summary": {"covered_lines": 0, "num_statements": 7, "percent_covered": 0.0, "percent_covered_display": "0", "missing_lines": 7, "excluded_lines": 0, "percent_statements_covered": 0.0, "percent_statements_covered_display": "0"}, "missing_lines": [98, 100, 101, 102, 103, 104, 109], "excluded_lines": []}, "SynchronizationEngine._compute_provenance_hash": {"executed_lines": [], "summary": {"covered_lines": 0, "num_statements": 4, "percent_covered": 0.0, "percent_covered_display": "0", "missing_lines": 4, "excluded_lines": 0, "percent_statements_covered": 0.0, "percent_statements_covered_display": "0"}, "missing_lines": [142, 145, 148, 149], "excluded_lines": []}, "SynchronizationEngine._get_nested_value": {"executed_lines": [], "summary": {"covered_lines": 0, "num_statements": 7, "percent_covered": 0.0, "percent_covered_display": "0", "missing_lines": 7, "excluded_lines": 0, "percent_statements_covered": 0.0, "percent_statements_covered_display": "0"}, "missing_lines": [166, 167, 169, 170, 171, 172, 174], "excluded_lines": []}, "SynchronizationEngine._resolve_params": {"executed_lines": [], "summary": {"covered_lines": 0, "num_statements": 5, "percent_covered": 0.0, "percent_covered_display": "0", "missing_lines": 5, "excluded_lines": 0, "percent_statements_covered": 0.0, "percent_statements_covered_display": "0"}, "missing_lines": [204, 207, 209, 221, 223], "excluded_lines": []}, "SynchronizationEngine._resolve_params.replacer": {"executed_lines": [], "summary": {"covered_lines": 0, "num_statements": 6, "percent_covered": 0.0, "percent_covered_display": "0", "missing_lines": 6, "excluded_lines": 0, "percent_statements_covered": 0.0, "percent_statements_covered_display": "0"}, "missing_lines": [210, 211, 213, 214, 215, 218], "excluded_lines": []}, "SynchronizationEngine._pattern_matches": {"executed_lines": [], "summary": {"covered_lines": 0, "num_statements": 12, "percent_covered": 0.0, "percent_covered_display": "0", "missing_lines": 12, "excluded_lines": 0, "percent_statements_covered": 0.0, "percent_statements_covered_display": "0"}, "missing_lines": [250, 251, 253, 254, 255, 257, 260, 261, 262, 263, 264, 266], "excluded_lines": []}, "SynchronizationEngine._find_matching_syncs": {"executed_lines": [], "summary": {"covered_lines": 0, "num_statements": 17, "percent_covered": 0.0, "percent_covered_display": "0", "missing_lines": 17, "excluded_lines": 0, "percent_statements_covered": 0.0, "percent_statements_covered_display": "0"}, "missing_lines": [292, 309, 312, 322, 325, 326, 328, 329, 330, 331, 334, 335, 338, 340, 342, 343, 345], "excluded_lines": []}, "SynchronizationEngine._detect_phi": {"executed_lines": [], "summary": {"covered_lines": 0, "num_statements": 1, "percent_covered": 0.0, "percent_covered_display": "0", "missing_lines": 1, "excluded_lines": 0, "percent_statements_covered": 0.0, "percent_statements_covered_display": "0"}, "missing_lines": [365], "excluded_lines": []}, "SynchronizationEngine._log_audit_trail": {"executed_lines": [], "summary": {"covered_lines": 0, "num_statements": 2, "percent_covered": 0.0, "percent_covered_display": "0", "missing_lines": 2, "excluded_lines": 0, "percent_statements_covered": 0.0, "percent_statements_covered_display": "0"}, "missing_lines": [389, 391], "excluded_lines": []}, "SynchronizationEngine._execute_sync": {"executed_lines": [], "summary": {"covered_lines": 0, "num_statements": 7, "percent_covered": 0.0, "percent_covered_display": "0", "missing_lines": 7, "excluded_lines": 0, "percent_statements_covered": 0.0, "percent_statements_covered_display": "0"}, "missing_lines": [439, 443, 444, 447, 475, 492, 498], "excluded_lines": []}, "SynchronizationEngine.on_agent_action_complete": {"executed_lines": [], "summary": {"covered_lines": 0, "num_statements": 16, "percent_covered": 0.0, "percent_covered_display": "0", "missing_lines": 16, "excluded_lines": 0, "percent_statements_covered": 0.0, "percent_statements_covered_display": "0"}, "missing_lines": [530, 533, 535, 540, 542, 547, 551, 552, 556, 559, 560, 566, 567, 568, 570, 572], "excluded_lines": []}, "SynchronizationEngine.close": {"executed_lines": [], "summary": {"covered_lines": 0, "num_statements": 2, "percent_covered": 0.0, "percent_covered_display": "0", "missing_lines": 2, "excluded_lines": 0, "percent_statements_covered": 0.0, "percent_statements_covered_display": "0"}, "missing_lines": [576, 577], "excluded_lines": []}, "SynchronizationEngine.__enter__": {"executed_lines": [], "summary": {"covered_lines": 0, "num_statements": 1, "percent_covered": 0.0, "percent_covered_display": "0", "missing_lines": 1, "excluded_lines": 0, "percent_statements_covered": 0.0, "percent_statements_covered_display": "0"}, "missing_lines": [581], "excluded_lines": []}, "SynchronizationEngine.__exit__": {"executed_lines": [], "summary": {"covered_lines": 0, "num_statements": 1, "percent_covered": 0.0, "percent_covered_display": "0", "missing_lines": 1, "excluded_lines": 0, "percent_statements_covered": 0.0, "percent_statements_covered_display": "0"}, "missing_lines": [585], "excluded_lines": []}, "": {"executed_lines": [], "summary": {"covered_lines": 0, "num_statements": 30, "percent_covered": 0.0, "percent_covered_display": "0", "missing_lines": 30, "excluded_lines": 0, "percent_statements_covered": 0.0, "percent_statements_covered_display": "0"}, "missing_lines": [21, 22, 23, 24, 25, 26, 27, 28, 29, 31, 32, 33, 34, 37, 42, 45, 60, 84, 111, 151, 176, 225, 268, 347, 367, 420, 500, 574, 579, 583], "excluded_lines": []}}, "classes": {"SynchronizationEngine": {"executed_lines": [], "summary": {"covered_lines": 0, "num_statements": 88, "percent_covered": 0.0, "percent_covered_display": "0", "missing_lines": 88, "excluded_lines": 0, "percent_statements_covered": 0.0, "percent_statements_covered_display": "0"}, "missing_lines": [98, 100, 101, 102, 103, 104, 109, 142, 145, 148, 149, 166, 167, 169, 170, 171, 172, 174, 204, 207, 209, 210, 211, 213, 214, 215, 218, 221, 223, 250, 251, 253, 254, 255, 257, 260, 261, 262, 263, 264, 266, 292, 309, 312, 322, 325, 326, 328, 329, 330, 331, 334, 335, 338, 340, 342, 343, 345, 365, 389, 391, 439, 443, 444, 447, 475, 492, 498, 530, 533, 535, 540, 542, 547, 551, 552, 556, 559, 560, 566, 567, 568, 570, 572, 576, 577, 581, 585], "excluded_lines": []}, "": {"executed_lines": [], "summary": {"covered_lines": 0, "num_statements": 35, "percent_covered": 0.0, "percent_covered_display": "0", "missing_lines": 35, "excluded_lines": 0, "percent_statements_covered": 0.0, "percent_statements_covered_display": "0"}, "missing_lines": [21, 22, 23, 24, 25, 26, 27, 28, 29, 31, 32, 33, 34, 37, 42, 45, 52, 53, 55, 56, 57, 60, 84, 111, 151, 176, 225, 268, 347, 367, 420, 500, 574, 579, 583], "excluded_lines": []}}}, ".claude/skills/.agents/agentdb-state-manager/scripts/sync_todo_to_db.py": {"executed_lines": [], "summary": {"covered_lines": 0, "num_statements": 90, "percent_covered": 0.0, "percent_covered_display": "0", "missing_lines": 90, "excluded_lines": 0, "percent_statements_covered": 0.0, "percent_statements_covered_display": "0"}, "missing_lines": [14, 15, 16, 17, 18, 19, 21, 25, 26, 27, 28, 29, 32, 33, 34, 37, 38, 41, 42, 45, 54, 55, 58, 59, 60, 62, 63, 65, 66, 67, 70, 80, 83, 84, 86, 87, 89, 109, 110, 111, 112, 114, 115, 116, 119, 126, 144, 145, 146, 147, 148, 150, 156, 167, 170, 182, 187, 189, 193, 199, 200, 202, 203, 205, 208, 209, 210, 211, 212, 214, 217, 218, 219, 220, 222, 223, 224, 226, 229, 230, 232, 233, 234, 235, 237, 238, 240, 242, 245, 246], "excluded_lines": [], "functions": {"error_exit": {"executed_lines": [], "summary": {"covered_lines": 0, "num_statements": 2, "percent_covered": 0.0, "percent_covered_display": "0", "missing_lines": 2, "excluded_lines": 0, "percent_statements_covered": 0.0, "percent_statements_covered_display": "0"}, "missing_lines": [33, 34], "excluded_lines": []}, "success": {"executed_lines": [], "summary": {"covered_lines": 0, "num_statements": 1, "percent_covered": 0.0, "percent_covered_display": "0", "missing_lines": 1, "excluded_lines": 0, "percent_statements_covered": 0.0, "percent_statements_covered_display": "0"}, "missing_lines": [38], "excluded_lines": []}, "info": {"executed_lines": [], "summary": {"covered_lines": 0, "num_statements": 1, "percent_covered": 0.0, "percent_covered_display": "0", "missing_lines": 1, "excluded_lines": 0, "percent_statements_covered": 0.0, "percent_statements_covered_display": "0"}, "missing_lines": [42], "excluded_lines": []}, "parse_todo_file": {"executed_lines": [], "summary": {"covered_lines": 0, "num_statements": 10, "percent_covered": 0.0, "percent_covered_display": "0", "missing_lines": 10, "excluded_lines": 0, "percent_statements_covered": 0.0, "percent_statements_covered_display": "0"}, "missing_lines": [54, 55, 58, 59, 60, 62, 63, 65, 66, 67], "excluded_lines": []}, "convert_to_records": {"executed_lines": [], "summary": {"covered_lines": 0, "num_statements": 23, "percent_covered": 0.0, "percent_covered_display": "0", "missing_lines": 23, "excluded_lines": 0, "percent_statements_covered": 0.0, "percent_statements_covered_display": "0"}, "missing_lines": [80, 83, 84, 86, 87, 89, 109, 110, 111, 112, 114, 115, 116, 119, 126, 144, 145, 146, 147, 148, 150, 156, 167], "excluded_lines": []}, "sync_to_agentdb": {"executed_lines": [], "summary": {"covered_lines": 0, "num_statements": 9, "percent_covered": 0.0, "percent_covered_display": "0", "missing_lines": 9, "excluded_lines": 0, "percent_statements_covered": 0.0, "percent_statements_covered_display": "0"}, "missing_lines": [182, 187, 189, 193, 199, 200, 202, 203, 205], "excluded_lines": []}, "main": {"executed_lines": [], "summary": {"covered_lines": 0, "num_statements": 23, "percent_covered": 0.0, "percent_covered_display": "0", "missing_lines": 23, "excluded_lines": 0, "percent_statements_covered": 0.0, "percent_statements_covered_display": "0"}, "missing_lines": [209, 210, 211, 212, 214, 217, 218, 219, 220, 222, 223, 224, 226, 229, 230, 232, 233, 234, 235, 237, 238, 240, 242], "excluded_lines": []}, "": {"executed_lines": [], "summary": {"covered_lines": 0, "num_statements": 21, "percent_covered": 0.0, "percent_covered_display": "0", "missing_lines": 21, "excluded_lines": 0, "percent_statements_covered": 0.0, "percent_statements_covered_display": "0"}, "missing_lines": [14, 15, 16, 17, 18, 19, 21, 25, 26, 27, 28, 29, 32, 37, 41, 45, 70, 170, 208, 245, 246], "excluded_lines": []}}, "classes": {"Colors": {"executed_lines": [], "summary": {"covered_lines": 0, "num_statements": 0, "percent_covered": 100.0, "percent_covered_display": "100", "missing_lines": 0, "excluded_lines": 0, "percent_statements_covered": 100.0, "percent_statements_covered_display": "100"}, "missing_lines": [], "excluded_lines": []}, "": {"executed_lines": [], "summary": {"covered_lines": 0, "num_statements": 90, "percent_covered": 0.0, "percent_covered_display": "0", "missing_lines": 90, "excluded_lines": 0, "percent_statements_covered": 0.0, "percent_statements_covered_display": "0"}, "missing_lines": [14, 15, 16, 17, 18, 19, 21, 25, 26, 27, 28, 29, 32, 33, 34, 37, 38, 41, 42, 45, 54, 55, 58, 59, 60, 62, 63, 65, 66, 67, 70, 80, 83, 84, 86, 87, 89, 109, 110, 111, 112, 114, 115, 116, 119, 126, 144, 145, 146, 147, 148, 150, 156, 167, 170, 182, 187, 189, 193, 199, 200, 202, 203, 205, 208, 209, 210, 211, 212, 214, 217, 218, 219, 220, 222, 223, 224, 226, 229, 230, 232, 233, 234, 235, 237, 238, 240, 242, 245, 246], "excluded_lines": []}}}, ".claude/skills/.agents/agentdb-state-manager/scripts/test_schema_migration.py": {"executed_lines": [], "summary": {"covered_lines": 0, "num_statements": 376, "percent_covered": 0.0, "percent_covered_display": "0", "missing_lines": 376, "excluded_lines": 0, "percent_statements_covered": 0.0, "percent_statements_covered_display": "0"}, "missing_lines": [27, 28, 29, 30, 31, 32, 34, 35, 36, 37, 38, 41, 42, 43, 49, 62, 71, 74, 75, 76, 77, 78, 79, 82, 85, 86, 87, 88, 89, 91, 93, 94, 95, 96, 98, 100, 101, 102, 103, 104, 106, 108, 109, 110, 111, 113, 114, 115, 116, 118, 120, 123, 125, 128, 130, 132, 133, 134, 135, 137, 138, 139, 140, 141, 144, 147, 148, 149, 150, 154, 155, 157, 158, 159, 162, 166, 167, 168, 180, 181, 182, 185, 188, 189, 190, 191, 195, 196, 198, 199, 200, 203, 206, 207, 210, 211, 213, 214, 225, 226, 228, 229, 230, 232, 233, 234, 235, 237, 238, 249, 250, 251, 252, 253, 256, 260, 261, 262, 264, 265, 276, 277, 278, 279, 280, 283, 284, 286, 287, 298, 299, 300, 310, 311, 312, 313, 314, 317, 318, 320, 322, 323, 334, 335, 336, 337, 338, 341, 345, 346, 347, 348, 362, 365, 366, 367, 368, 369, 372, 373, 374, 375, 392, 395, 396, 397, 398, 401, 402, 403, 404, 411, 415, 416, 418, 432, 433, 434, 437, 440, 441, 442, 451, 452, 454, 455, 456, 458, 459, 460, 470, 471, 473, 474, 475, 478, 481, 482, 483, 492, 493, 495, 496, 497, 499, 500, 501, 509, 510, 512, 513, 514, 517, 545, 546, 548, 549, 551, 552, 553, 556, 557, 558, 559, 561, 567, 571, 581, 584, 586, 587, 592, 596, 597, 600, 603, 604, 605, 606, 608, 609, 610, 613, 620, 621, 623, 624, 635, 636, 647, 651, 652, 653, 656, 657, 659, 660, 662, 664, 665, 668, 671, 672, 674, 675, 686, 687, 699, 700, 701, 702, 703, 705, 706, 709, 713, 714, 715, 716, 718, 719, 720, 721, 722, 723, 724, 725, 728, 738, 739, 740, 741, 747, 748, 750, 751, 752, 755, 757, 758, 759, 760, 766, 767, 769, 770, 771, 774, 775, 777, 778, 792, 793, 794, 805, 806, 807, 817, 818, 819, 821, 822, 825, 826, 827, 828, 844, 845, 846, 849, 851, 852, 853, 856, 858, 859, 862, 863, 864, 867, 868, 869, 871, 872, 874, 876, 878, 881, 883, 884, 885, 886, 887, 888, 889, 890, 891, 892, 893, 894, 895, 896, 898, 901, 902, 904, 905, 906, 909, 912, 913, 914, 916, 917, 920, 921], "excluded_lines": [], "functions": {"TestResult.__init__": {"executed_lines": [], "summary": {"covered_lines": 0, "num_statements": 4, "percent_covered": 0.0, "percent_covered_display": "0", "missing_lines": 4, "excluded_lines": 0, "percent_statements_covered": 0.0, "percent_statements_covered_display": "0"}, "missing_lines": [86, 87, 88, 89], "excluded_lines": []}, "TestResult.add_pass": {"executed_lines": [], "summary": {"covered_lines": 0, "num_statements": 4, "percent_covered": 0.0, "percent_covered_display": "0", "missing_lines": 4, "excluded_lines": 0, "percent_statements_covered": 0.0, "percent_statements_covered_display": "0"}, "missing_lines": [93, 94, 95, 96], "excluded_lines": []}, "TestResult.add_fail": {"executed_lines": [], "summary": {"covered_lines": 0, "num_statements": 5, "percent_covered": 0.0, "percent_covered_display": "0", "missing_lines": 5, "excluded_lines": 0, "percent_statements_covered": 0.0, "percent_statements_covered_display": "0"}, "missing_lines": [100, 101, 102, 103, 104], "excluded_lines": []}, "TestResult.print_summary": {"executed_lines": [], "summary": {"covered_lines": 0, "num_statements": 8, "percent_covered": 0.0, "percent_covered_display": "0", "missing_lines": 8, "excluded_lines": 0, "percent_statements_covered": 0.0, "percent_statements_covered_display": "0"}, "missing_lines": [108, 109, 110, 111, 113, 114, 115, 116], "excluded_lines": []}, "TestResult.is_success": {"executed_lines": [], "summary": {"covered_lines": 0, "num_statements": 1, "percent_covered": 0.0, "percent_covered_display": "0", "missing_lines": 1, "excluded_lines": 0, "percent_statements_covered": 0.0, "percent_statements_covered_display": "0"}, "missing_lines": [120], "excluded_lines": []}, "generate_uuid": {"executed_lines": [], "summary": {"covered_lines": 0, "num_statements": 1, "percent_covered": 0.0, "percent_covered_display": "0", "missing_lines": 1, "excluded_lines": 0, "percent_statements_covered": 0.0, "percent_statements_covered_display": "0"}, "missing_lines": [125], "excluded_lines": []}, "test_schema_creation": {"executed_lines": [], "summary": {"covered_lines": 0, "num_statements": 10, "percent_covered": 0.0, "percent_covered_display": "0", "missing_lines": 10, "excluded_lines": 0, "percent_statements_covered": 0.0, "percent_statements_covered_display": "0"}, "missing_lines": [130, 132, 133, 134, 135, 137, 138, 139, 140, 141], "excluded_lines": []}, "test_tables_exist": {"executed_lines": [], "summary": {"covered_lines": 0, "num_statements": 9, "percent_covered": 0.0, "percent_covered_display": "0", "missing_lines": 9, "excluded_lines": 0, "percent_statements_covered": 0.0, "percent_statements_covered_display": "0"}, "missing_lines": [147, 148, 149, 150, 154, 155, 157, 158, 159], "excluded_lines": []}, "test_indexes_exist": {"executed_lines": [], "summary": {"covered_lines": 0, "num_statements": 6, "percent_covered": 0.0, "percent_covered_display": "0", "missing_lines": 6, "excluded_lines": 0, "percent_statements_covered": 0.0, "percent_statements_covered_display": "0"}, "missing_lines": [166, 167, 168, 180, 181, 182], "excluded_lines": []}, "test_views_exist": {"executed_lines": [], "summary": {"covered_lines": 0, "num_statements": 9, "percent_covered": 0.0, "percent_covered_display": "0", "missing_lines": 9, "excluded_lines": 0, "percent_statements_covered": 0.0, "percent_statements_covered_display": "0"}, "missing_lines": [188, 189, 190, 191, 195, 196, 198, 199, 200], "excluded_lines": []}, "test_foreign_keys": {"executed_lines": [], "summary": {"covered_lines": 0, "num_statements": 22, "percent_covered": 0.0, "percent_covered_display": "0", "missing_lines": 22, "excluded_lines": 0, "percent_statements_covered": 0.0, "percent_statements_covered_display": "0"}, "missing_lines": [206, 207, 210, 211, 213, 214, 225, 226, 228, 229, 230, 232, 233, 234, 235, 237, 238, 249, 250, 251, 252, 253], "excluded_lines": []}, "test_check_constraints": {"executed_lines": [], "summary": {"covered_lines": 0, "num_statements": 32, "percent_covered": 0.0, "percent_covered_display": "0", "missing_lines": 32, "excluded_lines": 0, "percent_statements_covered": 0.0, "percent_statements_covered_display": "0"}, "missing_lines": [260, 261, 262, 264, 265, 276, 277, 278, 279, 280, 283, 284, 286, 287, 298, 299, 300, 310, 311, 312, 313, 314, 317, 318, 320, 322, 323, 334, 335, 336, 337, 338], "excluded_lines": []}, "test_sample_inserts": {"executed_lines": [], "summary": {"covered_lines": 0, "num_statements": 30, "percent_covered": 0.0, "percent_covered_display": "0", "missing_lines": 30, "excluded_lines": 0, "percent_statements_covered": 0.0, "percent_statements_covered_display": "0"}, "missing_lines": [345, 346, 347, 348, 362, 365, 366, 367, 368, 369, 372, 373, 374, 375, 392, 395, 396, 397, 398, 401, 402, 403, 404, 411, 415, 416, 418, 432, 433, 434], "excluded_lines": []}, "test_join_queries": {"executed_lines": [], "summary": {"covered_lines": 0, "num_statements": 16, "percent_covered": 0.0, "percent_covered_display": "0", "missing_lines": 16, "excluded_lines": 0, "percent_statements_covered": 0.0, "percent_statements_covered_display": "0"}, "missing_lines": [440, 441, 442, 451, 452, 454, 455, 456, 458, 459, 460, 470, 471, 473, 474, 475], "excluded_lines": []}, "test_json_fields": {"executed_lines": [], "summary": {"covered_lines": 0, "num_statements": 16, "percent_covered": 0.0, "percent_covered_display": "0", "missing_lines": 16, "excluded_lines": 0, "percent_statements_covered": 0.0, "percent_statements_covered_display": "0"}, "missing_lines": [481, 482, 483, 492, 493, 495, 496, 497, 499, 500, 501, 509, 510, 512, 513, 514], "excluded_lines": []}, "test_append_only_audit_trail": {"executed_lines": [], "summary": {"covered_lines": 0, "num_statements": 21, "percent_covered": 0.0, "percent_covered_display": "0", "missing_lines": 21, "excluded_lines": 0, "percent_statements_covered": 0.0, "percent_statements_covered_display": "0"}, "missing_lines": [545, 546, 548, 549, 551, 552, 553, 556, 557, 558, 559, 561, 567, 571, 581, 584, 586, 587, 592, 596, 597], "excluded_lines": []}, "test_views_queryable": {"executed_lines": [], "summary": {"covered_lines": 0, "num_statements": 7, "percent_covered": 0.0, "percent_covered_display": "0", "missing_lines": 7, "excluded_lines": 0, "percent_statements_covered": 0.0, "percent_statements_covered_display": "0"}, "missing_lines": [603, 604, 605, 606, 608, 609, 610], "excluded_lines": []}, "test_cascade_delete": {"executed_lines": [], "summary": {"covered_lines": 0, "num_statements": 17, "percent_covered": 0.0, "percent_covered_display": "0", "missing_lines": 17, "excluded_lines": 0, "percent_statements_covered": 0.0, "percent_statements_covered_display": "0"}, "missing_lines": [620, 621, 623, 624, 635, 636, 647, 651, 652, 653, 656, 657, 659, 660, 662, 664, 665], "excluded_lines": []}, "test_restrict_delete": {"executed_lines": [], "summary": {"covered_lines": 0, "num_statements": 13, "percent_covered": 0.0, "percent_covered_display": "0", "missing_lines": 13, "excluded_lines": 0, "percent_statements_covered": 0.0, "percent_statements_covered_display": "0"}, "missing_lines": [671, 672, 674, 675, 686, 687, 699, 700, 701, 702, 703, 705, 706], "excluded_lines": []}, "test_phase2_migration": {"executed_lines": [], "summary": {"covered_lines": 0, "num_statements": 54, "percent_covered": 0.0, "percent_covered_display": "0", "missing_lines": 54, "excluded_lines": 0, "percent_statements_covered": 0.0, "percent_statements_covered_display": "0"}, "missing_lines": [713, 714, 715, 716, 718, 719, 720, 721, 722, 723, 724, 725, 728, 738, 739, 740, 741, 747, 748, 750, 751, 752, 755, 757, 758, 759, 760, 766, 767, 769, 770, 771, 774, 775, 777, 778, 792, 793, 794, 805, 806, 807, 817, 818, 819, 821, 822, 825, 826, 827, 828, 844, 845, 846], "excluded_lines": []}, "main": {"executed_lines": [], "summary": {"covered_lines": 0, "num_statements": 44, "percent_covered": 0.0, "percent_covered_display": "0", "missing_lines": 44, "excluded_lines": 0, "percent_statements_covered": 0.0, "percent_statements_covered_display": "0"}, "missing_lines": [851, 852, 853, 856, 858, 859, 862, 863, 864, 867, 868, 869, 871, 872, 874, 876, 878, 881, 883, 884, 885, 886, 887, 888, 889, 890, 891, 892, 893, 894, 895, 896, 898, 901, 902, 904, 905, 906, 909, 912, 913, 914, 916, 917], "excluded_lines": []}, "": {"executed_lines": [], "summary": {"covered_lines": 0, "num_statements": 47, "percent_covered": 0.0, "percent_covered_display": "0", "missing_lines": 47, "excluded_lines": 0, "percent_statements_covered": 0.0, "percent_statements_covered_display": "0"}, "missing_lines": [27, 28, 29, 30, 31, 32, 34, 35, 36, 37, 38, 41, 42, 43, 49, 62, 71, 74, 75, 76, 77, 78, 79, 82, 85, 91, 98, 106, 118, 123, 128, 144, 162, 185, 203, 256, 341, 437, 478, 517, 600, 613, 668, 709, 849, 920, 921], "excluded_lines": []}}, "classes": {"Colors": {"executed_lines": [], "summary": {"covered_lines": 0, "num_statements": 0, "percent_covered": 100.0, "percent_covered_display": "100", "missing_lines": 0, "excluded_lines": 0, "percent_statements_covered": 100.0, "percent_statements_covered_display": "100"}, "missing_lines": [], "excluded_lines": []}, "TestResult": {"executed_lines": [], "summary": {"covered_lines": 0, "num_statements": 22, "percent_covered": 0.0, "percent_covered_display": "0", "missing_lines": 22, "excluded_lines": 0, "percent_statements_covered": 0.0, "percent_statements_covered_display": "0"}, "missing_lines": [86, 87, 88, 89, 93, 94, 95, 96, 100, 101, 102, 103, 104, 108, 109, 110, 111, 113, 114, 115, 116, 120], "excluded_lines": []}, "": {"executed_lines": [], "summary": {"covered_lines": 0, "num_statements": 354, "percent_covered": 0.0, "percent_covered_display": "0", "missing_lines": 354, "excluded_lines": 0, "percent_statements_covered": 0.0, "percent_statements_covered_display": "0"}, "missing_lines": [27, 28, 29, 30, 31, 32, 34, 35, 36, 37, 38, 41, 42, 43, 49, 62, 71, 74, 75, 76, 77, 78, 79, 82, 85, 91, 98, 106, 118, 123, 125, 128, 130, 132, 133, 134, 135, 137, 138, 139, 140, 141, 144, 147, 148, 149, 150, 154, 155, 157, 158, 159, 162, 166, 167, 168, 180, 181, 182, 185, 188, 189, 190, 191, 195, 196, 198, 199, 200, 203, 206, 207, 210, 211, 213, 214, 225, 226, 228, 229, 230, 232, 233, 234, 235, 237, 238, 249, 250, 251, 252, 253, 256, 260, 261, 262, 264, 265, 276, 277, 278, 279, 280, 283, 284, 286, 287, 298, 299, 300, 310, 311, 312, 313, 314, 317, 318, 320, 322, 323, 334, 335, 336, 337, 338, 341, 345, 346, 347, 348, 362, 365, 366, 367, 368, 369, 372, 373, 374, 375, 392, 395, 396, 397, 398, 401, 402, 403, 404, 411, 415, 416, 418, 432, 433, 434, 437, 440, 441, 442, 451, 452, 454, 455, 456, 458, 459, 460, 470, 471, 473, 474, 475, 478, 481, 482, 483, 492, 493, 495, 496, 497, 499, 500, 501, 509, 510, 512, 513, 514, 517, 545, 546, 548, 549, 551, 552, 553, 556, 557, 558, 559, 561, 567, 571, 581, 584, 586, 587, 592, 596, 597, 600, 603, 604, 605, 606, 608, 609, 610, 613, 620, 621, 623, 624, 635, 636, 647, 651, 652, 653, 656, 657, 659, 660, 662, 664, 665, 668, 671, 672, 674, 675, 686, 687, 699, 700, 701, 702, 703, 705, 706, 709, 713, 714, 715, 716, 718, 719, 720, 721, 722, 723, 724, 725, 728, 738, 739, 740, 741, 747, 748, 750, 751, 752, 755, 757, 758, 759, 760, 766, 767, 769, 770, 771, 774, 775, 777, 778, 792, 793, 794, 805, 806, 807, 817, 818, 819, 821, 822, 825, 826, 827, 828, 844, 845, 846, 849, 851, 852, 853, 856, 858, 859, 862, 863, 864, 867, 868, 869, 871, 872, 874, 876, 878, 881, 883, 884, 885, 886, 887, 888, 889, 890, 891, 892, 893, 894, 895, 896, 898, 901, 902, 904, 905, 906, 909, 912, 913, 914, 916, 917, 920, 921], "excluded_lines": []}}}, ".claude/skills/.agents/agentdb-state-manager/scripts/worktree_agent_integration.py": {"executed_lines": [], "summary": {"covered_lines": 0, "num_statements": 154, "percent_covered": 0.0, "percent_covered_display": "0", "missing_lines": 154, "excluded_lines": 0, "percent_statements_covered": 0.0, "percent_statements_covered_display": "0"}, "missing_lines": [29, 30, 31, 32, 33, 34, 35, 36, 37, 39, 42, 45, 46, 47, 48, 51, 71, 72, 83, 86, 90, 93, 94, 97, 98, 99, 100, 103, 104, 111, 112, 113, 114, 116, 117, 118, 121, 123, 124, 139, 140, 141, 142, 145, 167, 188, 197, 199, 200, 220, 221, 222, 225, 226, 227, 228, 231, 234, 235, 236, 237, 238, 241, 242, 243, 244, 245, 248, 250, 252, 253, 277, 278, 281, 282, 283, 286, 287, 288, 289, 292, 293, 294, 297, 310, 316, 318, 348, 351, 354, 361, 362, 363, 364, 367, 370, 371, 372, 377, 379, 387, 388, 393, 395, 396, 397, 400, 414, 416, 417, 446, 448, 449, 450, 453, 454, 457, 458, 459, 462, 465, 466, 467, 469, 472, 473, 476, 479, 481, 482, 484, 485, 486, 489, 548, 549, 552, 553, 554, 556, 558, 561, 562, 565, 566, 567, 570, 578, 585, 586, 588, 590, 591, 595], "excluded_lines": [], "functions": {"FlowTokenManager.get_flow_token": {"executed_lines": [], "summary": {"covered_lines": 0, "num_statements": 19, "percent_covered": 0.0, "percent_covered_display": "0", "missing_lines": 19, "excluded_lines": 0, "percent_statements_covered": 0.0, "percent_statements_covered_display": "0"}, "missing_lines": [83, 86, 90, 93, 94, 97, 98, 99, 100, 103, 104, 111, 112, 113, 114, 116, 117, 118, 121], "excluded_lines": []}, "FlowTokenManager.extract_issue_number": {"executed_lines": [], "summary": {"covered_lines": 0, "num_statements": 4, "percent_covered": 0.0, "percent_covered_display": "0", "missing_lines": 4, "excluded_lines": 0, "percent_statements_covered": 0.0, "percent_statements_covered_display": "0"}, "missing_lines": [139, 140, 141, 142], "excluded_lines": []}, "PHIDetector.detect_phi": {"executed_lines": [], "summary": {"covered_lines": 0, "num_statements": 20, "percent_covered": 0.0, "percent_covered_display": "0", "missing_lines": 20, "excluded_lines": 0, "percent_statements_covered": 0.0, "percent_statements_covered_display": "0"}, "missing_lines": [220, 221, 222, 225, 226, 227, 228, 231, 234, 235, 236, 237, 238, 241, 242, 243, 244, 245, 248, 250], "excluded_lines": []}, "PHIDetector.extract_justification": {"executed_lines": [], "summary": {"covered_lines": 0, "num_statements": 12, "percent_covered": 0.0, "percent_covered_display": "0", "missing_lines": 12, "excluded_lines": 0, "percent_statements_covered": 0.0, "percent_statements_covered_display": "0"}, "missing_lines": [277, 278, 281, 282, 283, 286, 287, 288, 289, 292, 293, 294], "excluded_lines": []}, "ComplianceWrapper.__init__": {"executed_lines": [], "summary": {"covered_lines": 0, "num_statements": 1, "percent_covered": 0.0, "percent_covered_display": "0", "missing_lines": 1, "excluded_lines": 0, "percent_statements_covered": 0.0, "percent_statements_covered_display": "0"}, "missing_lines": [316], "excluded_lines": []}, "ComplianceWrapper.on_agent_action_complete": {"executed_lines": [], "summary": {"covered_lines": 0, "num_statements": 19, "percent_covered": 0.0, "percent_covered_display": "0", "missing_lines": 19, "excluded_lines": 0, "percent_statements_covered": 0.0, "percent_statements_covered_display": "0"}, "missing_lines": [348, 351, 354, 361, 362, 363, 364, 367, 370, 371, 372, 377, 379, 387, 388, 393, 395, 396, 397], "excluded_lines": []}, "SyncEngineFactory.create_sync_engine": {"executed_lines": [], "summary": {"covered_lines": 0, "num_statements": 23, "percent_covered": 0.0, "percent_covered_display": "0", "missing_lines": 23, "excluded_lines": 0, "percent_statements_covered": 0.0, "percent_statements_covered_display": "0"}, "missing_lines": [446, 448, 449, 450, 453, 454, 457, 458, 459, 462, 465, 466, 467, 469, 472, 473, 476, 479, 481, 482, 484, 485, 486], "excluded_lines": []}, "trigger_sync_completion": {"executed_lines": [], "summary": {"covered_lines": 0, "num_statements": 20, "percent_covered": 0.0, "percent_covered_display": "0", "missing_lines": 20, "excluded_lines": 0, "percent_statements_covered": 0.0, "percent_statements_covered_display": "0"}, "missing_lines": [548, 549, 552, 553, 554, 556, 558, 561, 562, 565, 566, 567, 570, 578, 585, 586, 588, 590, 591, 595], "excluded_lines": []}, "": {"executed_lines": [], "summary": {"covered_lines": 0, "num_statements": 36, "percent_covered": 0.0, "percent_covered_display": "0", "missing_lines": 36, "excluded_lines": 0, "percent_statements_covered": 0.0, "percent_statements_covered_display": "0"}, "missing_lines": [29, 30, 31, 32, 33, 34, 35, 36, 37, 39, 42, 45, 46, 47, 48, 51, 71, 72, 123, 124, 145, 167, 188, 197, 199, 200, 252, 253, 297, 310, 318, 400, 414, 416, 417, 489], "excluded_lines": []}}, "classes": {"FlowTokenType": {"executed_lines": [], "summary": {"covered_lines": 0, "num_statements": 0, "percent_covered": 100.0, "percent_covered_display": "100", "missing_lines": 0, "excluded_lines": 0, "percent_statements_covered": 100.0, "percent_statements_covered_display": "100"}, "missing_lines": [], "excluded_lines": []}, "FlowTokenManager": {"executed_lines": [], "summary": {"covered_lines": 0, "num_statements": 23, "percent_covered": 0.0, "percent_covered_display": "0", "missing_lines": 23, "excluded_lines": 0, "percent_statements_covered": 0.0, "percent_statements_covered_display": "0"}, "missing_lines": [83, 86, 90, 93, 94, 97, 98, 99, 100, 103, 104, 111, 112, 113, 114, 116, 117, 118, 121, 139, 140, 141, 142], "excluded_lines": []}, "PHIDetector": {"executed_lines": [], "summary": {"covered_lines": 0, "num_statements": 32, "percent_covered": 0.0, "percent_covered_display": "0", "missing_lines": 32, "excluded_lines": 0, "percent_statements_covered": 0.0, "percent_statements_covered_display": "0"}, "missing_lines": [220, 221, 222, 225, 226, 227, 228, 231, 234, 235, 236, 237, 238, 241, 242, 243, 244, 245, 248, 250, 277, 278, 281, 282, 283, 286, 287, 288, 289, 292, 293, 294], "excluded_lines": []}, "ComplianceWrapper": {"executed_lines": [], "summary": {"covered_lines": 0, "num_statements": 20, "percent_covered": 0.0, "percent_covered_display": "0", "missing_lines": 20, "excluded_lines": 0, "percent_statements_covered": 0.0, "percent_statements_covered_display": "0"}, "missing_lines": [316, 348, 351, 354, 361, 362, 363, 364, 367, 370, 371, 372, 377, 379, 387, 388, 393, 395, 396, 397], "excluded_lines": []}, "SyncEngineFactory": {"executed_lines": [], "summary": {"covered_lines": 0, "num_statements": 23, "percent_covered": 0.0, "percent_covered_display": "0", "missing_lines": 23, "excluded_lines": 0, "percent_statements_covered": 0.0, "percent_statements_covered_display": "0"}, "missing_lines": [446, 448, 449, 450, 453, 454, 457, 458, 459, 462, 465, 466, 467, 469, 472, 473, 476, 479, 481, 482, 484, 485, 486], "excluded_lines": []}, "": {"executed_lines": [], "summary": {"covered_lines": 0, "num_statements": 56, "percent_covered": 0.0, "percent_covered_display": "0", "missing_lines": 56, "excluded_lines": 0, "percent_statements_covered": 0.0, "percent_statements_covered_display": "0"}, "missing_lines": [29, 30, 31, 32, 33, 34, 35, 36, 37, 39, 42, 45, 46, 47, 48, 51, 71, 72, 123, 124, 145, 167, 188, 197, 199, 200, 252, 253, 297, 310, 318, 400, 414, 416, 417, 489, 548, 549, 552, 553, 554, 556, 558, 561, 562, 565, 566, 567, 570, 578, 585, 586, 588, 590, 591, 595], "excluded_lines": []}}}, ".claude/skills/__init__.py": {"executed_lines": [], "summary": {"covered_lines": 0, "num_statements": 0, "percent_covered": 100.0, "percent_covered_display": "100", "missing_lines": 0, "excluded_lines": 0, "percent_statements_covered": 100.0, "percent_statements_covered_display": "100"}, "missing_lines": [], "excluded_lines": [], "functions": {"": {"executed_lines": [], "summary": {"covered_lines": 0, "num_statements": 0, "percent_covered": 100.0, "percent_covered_display": "100", "missing_lines": 0, "excluded_lines": 0, "percent_statements_covered": 100.0, "percent_statements_covered_display": "100"}, "missing_lines": [], "excluded_lines": []}}, "classes": {"": {"executed_lines": [], "summary": {"covered_lines": 0, "num_statements": 0, "percent_covered": 100.0, "percent_covered_display": "100", "missing_lines": 0, "excluded_lines": 0, "percent_statements_covered": 100.0, "percent_statements_covered_display": "100"}, "missing_lines": [], "excluded_lines": []}}}, ".claude/skills/agentdb-state-manager/__init__.py": {"executed_lines": [], "summary": {"covered_lines": 0, "num_statements": 0, "percent_covered": 100.0, "percent_covered_display": "100", "missing_lines": 0, "excluded_lines": 0, "percent_statements_covered": 100.0, "percent_statements_covered_display": "100"}, "missing_lines": [], "excluded_lines": [], "functions": {"": {"executed_lines": [], "summary": {"covered_lines": 0, "num_statements": 0, "percent_covered": 100.0, "percent_covered_display": "100", "missing_lines": 0, "excluded_lines": 0, "percent_statements_covered": 100.0, "percent_statements_covered_display": "100"}, "missing_lines": [], "excluded_lines": []}}, "classes": {"": {"executed_lines": [], "summary": {"covered_lines": 0, "num_statements": 0, "percent_covered": 100.0, "percent_covered_display": "100", "missing_lines": 0, "excluded_lines": 0, "percent_statements_covered": 100.0, "percent_statements_covered_display": "100"}, "missing_lines": [], "excluded_lines": []}}}, ".claude/skills/agentdb-state-manager/scripts/__init__.py": {"executed_lines": [], "summary": {"covered_lines": 0, "num_statements": 1, "percent_covered": 0.0, "percent_covered_display": "0", "missing_lines": 1, "excluded_lines": 0, "percent_statements_covered": 0.0, "percent_statements_covered_display": "0"}, "missing_lines": [3], "excluded_lines": [], "functions": {"": {"executed_lines": [], "summary": {"covered_lines": 0, "num_statements": 1, "percent_covered": 0.0, "percent_covered_display": "0", "missing_lines": 1, "excluded_lines": 0, "percent_statements_covered": 0.0, "percent_statements_covered_display": "0"}, "missing_lines": [3], "excluded_lines": []}}, "classes": {"": {"executed_lines": [], "summary": {"covered_lines": 0, "num_statements": 1, "percent_covered": 0.0, "percent_covered_display": "0", "missing_lines": 1, "excluded_lines": 0, "percent_statements_covered": 0.0, "percent_statements_covered_display": "0"}, "missing_lines": [3], "excluded_lines": []}}}, ".claude/skills/agentdb-state-manager/scripts/analyze_metrics.py": {"executed_lines": [], "summary": {"covered_lines": 0, "num_statements": 16, "percent_covered": 0.0, "percent_covered_display": "0", "missing_lines": 16, "excluded_lines": 0, "percent_statements_covered": 0.0, "percent_statements_covered_display": "0"}, "missing_lines": [8, 11, 12, 13, 14, 15, 20, 38, 48, 49, 50, 51, 52, 53, 56, 57], "excluded_lines": [], "functions": {"main": {"executed_lines": [], "summary": {"covered_lines": 0, "num_statements": 12, "percent_covered": 0.0, "percent_covered_display": "0", "missing_lines": 12, "excluded_lines": 0, "percent_statements_covered": 0.0, "percent_statements_covered_display": "0"}, "missing_lines": [12, 13, 14, 15, 20, 38, 48, 49, 50, 51, 52, 53], "excluded_lines": []}, "": {"executed_lines": [], "summary": {"covered_lines": 0, "num_statements": 4, "percent_covered": 0.0, "percent_covered_display": "0", "missing_lines": 4, "excluded_lines": 0, "percent_statements_covered": 0.0, "percent_statements_covered_display": "0"}, "missing_lines": [8, 11, 56, 57], "excluded_lines": []}}, "classes": {"": {"executed_lines": [], "summary": {"covered_lines": 0, "num_statements": 16, "percent_covered": 0.0, "percent_covered_display": "0", "missing_lines": 16, "excluded_lines": 0, "percent_statements_covered": 0.0, "percent_statements_covered_display": "0"}, "missing_lines": [8, 11, 12, 13, 14, 15, 20, 38, 48, 49, 50, 51, 52, 53, 56, 57], "excluded_lines": []}}}, ".claude/skills/agentdb-state-manager/scripts/checkpoint_manager.py": {"executed_lines": [], "summary": {"covered_lines": 0, "num_statements": 39, "percent_covered": 0.0, "percent_covered_display": "0", "missing_lines": 39, "excluded_lines": 0, "percent_statements_covered": 0.0, "percent_statements_covered_display": "0"}, "missing_lines": [10, 11, 12, 15, 17, 19, 35, 41, 42, 43, 46, 48, 57, 58, 59, 62, 64, 71, 72, 73, 74, 77, 78, 79, 82, 83, 86, 89, 90, 92, 94, 95, 96, 97, 98, 99, 101, 104, 105], "excluded_lines": [], "functions": {"store_checkpoint": {"executed_lines": [], "summary": {"covered_lines": 0, "num_statements": 6, "percent_covered": 0.0, "percent_covered_display": "0", "missing_lines": 6, "excluded_lines": 0, "percent_statements_covered": 0.0, "percent_statements_covered_display": "0"}, "missing_lines": [17, 19, 35, 41, 42, 43], "excluded_lines": []}, "list_checkpoints": {"executed_lines": [], "summary": {"covered_lines": 0, "num_statements": 4, "percent_covered": 0.0, "percent_covered_display": "0", "missing_lines": 4, "excluded_lines": 0, "percent_statements_covered": 0.0, "percent_statements_covered_display": "0"}, "missing_lines": [48, 57, 58, 59], "excluded_lines": []}, "restore_checkpoint": {"executed_lines": [], "summary": {"covered_lines": 0, "num_statements": 5, "percent_covered": 0.0, "percent_covered_display": "0", "missing_lines": 5, "excluded_lines": 0, "percent_statements_covered": 0.0, "percent_statements_covered_display": "0"}, "missing_lines": [64, 71, 72, 73, 74], "excluded_lines": []}, "main": {"executed_lines": [], "summary": {"covered_lines": 0, "num_statements": 15, "percent_covered": 0.0, "percent_covered_display": "0", "missing_lines": 15, "excluded_lines": 0, "percent_statements_covered": 0.0, "percent_statements_covered_display": "0"}, "missing_lines": [78, 79, 82, 83, 86, 89, 90, 92, 94, 95, 96, 97, 98, 99, 101], "excluded_lines": []}, "": {"executed_lines": [], "summary": {"covered_lines": 0, "num_statements": 9, "percent_covered": 0.0, "percent_covered_display": "0", "missing_lines": 9, "excluded_lines": 0, "percent_statements_covered": 0.0, "percent_statements_covered_display": "0"}, "missing_lines": [10, 11, 12, 15, 46, 62, 77, 104, 105], "excluded_lines": []}}, "classes": {"": {"executed_lines": [], "summary": {"covered_lines": 0, "num_statements": 39, "percent_covered": 0.0, "percent_covered_display": "0", "missing_lines": 39, "excluded_lines": 0, "percent_statements_covered": 0.0, "percent_statements_covered_display": "0"}, "missing_lines": [10, 11, 12, 15, 17, 19, 35, 41, 42, 43, 46, 48, 57, 58, 59, 62, 64, 71, 72, 73, 74, 77, 78, 79, 82, 83, 86, 89, 90, 92, 94, 95, 96, 97, 98, 99, 101, 104, 105], "excluded_lines": []}}}, ".claude/skills/agentdb-state-manager/scripts/init_database.py": {"executed_lines": [], "summary": {"covered_lines": 0, "num_statements": 137, "percent_covered": 0.0, "percent_covered_display": "0", "missing_lines": 137, "excluded_lines": 0, "percent_statements_covered": 0.0, "percent_statements_covered_display": "0"}, "missing_lines": [20, 21, 22, 23, 24, 25, 26, 29, 35, 36, 39, 46, 47, 49, 50, 52, 56, 59, 60, 61, 62, 63, 64, 67, 74, 75, 78, 84, 87, 93, 96, 102, 105, 114, 115, 118, 128, 129, 131, 133, 134, 135, 136, 137, 138, 139, 140, 141, 144, 155, 157, 286, 287, 290, 292, 294, 295, 296, 297, 298, 301, 302, 303, 305, 306, 307, 308, 310, 313, 322, 324, 331, 332, 334, 337, 338, 341, 342, 343, 345, 346, 347, 349, 350, 351, 352, 354, 357, 365, 366, 367, 369, 370, 371, 372, 374, 375, 376, 377, 379, 380, 381, 382, 383, 385, 386, 387, 389, 390, 391, 393, 394, 397, 398, 400, 403, 405, 421, 424, 430, 432, 433, 434, 437, 438, 441, 442, 443, 445, 448, 451, 452, 455, 456, 459, 462, 463], "excluded_lines": [], "functions": {"get_default_db_path": {"executed_lines": [], "summary": {"covered_lines": 0, "num_statements": 5, "percent_covered": 0.0, "percent_covered_display": "0", "missing_lines": 5, "excluded_lines": 0, "percent_statements_covered": 0.0, "percent_statements_covered_display": "0"}, "missing_lines": [46, 47, 49, 50, 52], "excluded_lines": []}, "error_exit": {"executed_lines": [], "summary": {"covered_lines": 0, "num_statements": 2, "percent_covered": 0.0, "percent_covered_display": "0", "missing_lines": 2, "excluded_lines": 0, "percent_statements_covered": 0.0, "percent_statements_covered_display": "0"}, "missing_lines": [74, 75], "excluded_lines": []}, "success": {"executed_lines": [], "summary": {"covered_lines": 0, "num_statements": 1, "percent_covered": 0.0, "percent_covered_display": "0", "missing_lines": 1, "excluded_lines": 0, "percent_statements_covered": 0.0, "percent_statements_covered_display": "0"}, "missing_lines": [84], "excluded_lines": []}, "info": {"executed_lines": [], "summary": {"covered_lines": 0, "num_statements": 1, "percent_covered": 0.0, "percent_covered_display": "0", "missing_lines": 1, "excluded_lines": 0, "percent_statements_covered": 0.0, "percent_statements_covered_display": "0"}, "missing_lines": [93], "excluded_lines": []}, "warning": {"executed_lines": [], "summary": {"covered_lines": 0, "num_statements": 1, "percent_covered": 0.0, "percent_covered_display": "0", "missing_lines": 1, "excluded_lines": 0, "percent_statements_covered": 0.0, "percent_statements_covered_display": "0"}, "missing_lines": [102], "excluded_lines": []}, "generate_session_id": {"executed_lines": [], "summary": {"covered_lines": 0, "num_statements": 2, "percent_covered": 0.0, "percent_covered_display": "0", "missing_lines": 2, "excluded_lines": 0, "percent_statements_covered": 0.0, "percent_statements_covered_display": "0"}, "missing_lines": [114, 115], "excluded_lines": []}, "load_workflow_states": {"executed_lines": [], "summary": {"covered_lines": 0, "num_statements": 12, "percent_covered": 0.0, "percent_covered_display": "0", "missing_lines": 12, "excluded_lines": 0, "percent_statements_covered": 0.0, "percent_statements_covered_display": "0"}, "missing_lines": [128, 129, 131, 133, 134, 135, 136, 137, 138, 139, 140, 141], "excluded_lines": []}, "create_schema": {"executed_lines": [], "summary": {"covered_lines": 0, "num_statements": 19, "percent_covered": 0.0, "percent_covered_display": "0", "missing_lines": 19, "excluded_lines": 0, "percent_statements_covered": 0.0, "percent_statements_covered_display": "0"}, "missing_lines": [155, 157, 286, 287, 290, 292, 294, 295, 296, 297, 298, 301, 302, 303, 305, 306, 307, 308, 310], "excluded_lines": []}, "validate_schema": {"executed_lines": [], "summary": {"covered_lines": 0, "num_statements": 18, "percent_covered": 0.0, "percent_covered_display": "0", "missing_lines": 18, "excluded_lines": 0, "percent_statements_covered": 0.0, "percent_statements_covered_display": "0"}, "missing_lines": [322, 324, 331, 332, 334, 337, 338, 341, 342, 343, 345, 346, 347, 349, 350, 351, 352, 354], "excluded_lines": []}, "print_summary": {"executed_lines": [], "summary": {"covered_lines": 0, "num_statements": 27, "percent_covered": 0.0, "percent_covered_display": "0", "missing_lines": 27, "excluded_lines": 0, "percent_statements_covered": 0.0, "percent_statements_covered_display": "0"}, "missing_lines": [365, 366, 367, 369, 370, 371, 372, 374, 375, 376, 377, 379, 380, 381, 382, 383, 385, 386, 387, 389, 390, 391, 393, 394, 397, 398, 400], "excluded_lines": []}, "main": {"executed_lines": [], "summary": {"covered_lines": 0, "num_statements": 19, "percent_covered": 0.0, "percent_covered_display": "0", "missing_lines": 19, "excluded_lines": 0, "percent_statements_covered": 0.0, "percent_statements_covered_display": "0"}, "missing_lines": [405, 421, 424, 430, 432, 433, 434, 437, 438, 441, 442, 443, 445, 448, 451, 452, 455, 456, 459], "excluded_lines": []}, "": {"executed_lines": [], "summary": {"covered_lines": 0, "num_statements": 30, "percent_covered": 0.0, "percent_covered_display": "0", "missing_lines": 30, "excluded_lines": 0, "percent_statements_covered": 0.0, "percent_statements_covered_display": "0"}, "missing_lines": [20, 21, 22, 23, 24, 25, 26, 29, 35, 36, 39, 56, 59, 60, 61, 62, 63, 64, 67, 78, 87, 96, 105, 118, 144, 313, 357, 403, 462, 463], "excluded_lines": []}}, "classes": {"Colors": {"executed_lines": [], "summary": {"covered_lines": 0, "num_statements": 0, "percent_covered": 100.0, "percent_covered_display": "100", "missing_lines": 0, "excluded_lines": 0, "percent_statements_covered": 100.0, "percent_statements_covered_display": "100"}, "missing_lines": [], "excluded_lines": []}, "": {"executed_lines": [], "summary": {"covered_lines": 0, "num_statements": 137, "percent_covered": 0.0, "percent_covered_display": "0", "missing_lines": 137, "excluded_lines": 0, "percent_statements_covered": 0.0, "percent_statements_covered_display": "0"}, "missing_lines": [20, 21, 22, 23, 24, 25, 26, 29, 35, 36, 39, 46, 47, 49, 50, 52, 56, 59, 60, 61, 62, 63, 64, 67, 74, 75, 78, 84, 87, 93, 96, 102, 105, 114, 115, 118, 128, 129, 131, 133, 134, 135, 136, 137, 138, 139, 140, 141, 144, 155, 157, 286, 287, 290, 292, 294, 295, 296, 297, 298, 301, 302, 303, 305, 306, 307, 308, 310, 313, 322, 324, 331, 332, 334, 337, 338, 341, 342, 343, 345, 346, 347, 349, 350, 351, 352, 354, 357, 365, 366, 367, 369, 370, 371, 372, 374, 375, 376, 377, 379, 380, 381, 382, 383, 385, 386, 387, 389, 390, 391, 393, 394, 397, 398, 400, 403, 405, 421, 424, 430, 432, 433, 434, 437, 438, 441, 442, 443, 445, 448, 451, 452, 455, 456, 459, 462, 463], "excluded_lines": []}}}, ".claude/skills/agentdb-state-manager/scripts/query_state.py": {"executed_lines": [], "summary": {"covered_lines": 0, "num_statements": 15, "percent_covered": 0.0, "percent_covered_display": "0", "missing_lines": 15, "excluded_lines": 0, "percent_statements_covered": 0.0, "percent_statements_covered_display": "0"}, "missing_lines": [8, 11, 12, 13, 14, 15, 16, 19, 26, 28, 41, 42, 43, 46, 47], "excluded_lines": [], "functions": {"main": {"executed_lines": [], "summary": {"covered_lines": 0, "num_statements": 11, "percent_covered": 0.0, "percent_covered_display": "0", "missing_lines": 11, "excluded_lines": 0, "percent_statements_covered": 0.0, "percent_statements_covered_display": "0"}, "missing_lines": [12, 13, 14, 15, 16, 19, 26, 28, 41, 42, 43], "excluded_lines": []}, "": {"executed_lines": [], "summary": {"covered_lines": 0, "num_statements": 4, "percent_covered": 0.0, "percent_covered_display": "0", "missing_lines": 4, "excluded_lines": 0, "percent_statements_covered": 0.0, "percent_statements_covered_display": "0"}, "missing_lines": [8, 11, 46, 47], "excluded_lines": []}}, "classes": {"": {"executed_lines": [], "summary": {"covered_lines": 0, "num_statements": 15, "percent_covered": 0.0, "percent_covered_display": "0", "missing_lines": 15, "excluded_lines": 0, "percent_statements_covered": 0.0, "percent_statements_covered_display": "0"}, "missing_lines": [8, 11, 12, 13, 14, 15, 16, 19, 26, 28, 41, 42, 43, 46, 47], "excluded_lines": []}}}, ".claude/skills/agentdb-state-manager/scripts/query_workflow_state.py": {"executed_lines": [], "summary": {"covered_lines": 0, "num_statements": 128, "percent_covered": 0.0, "percent_covered_display": "0", "missing_lines": 128, "excluded_lines": 0, "percent_statements_covered": 0.0, "percent_statements_covered_display": "0"}, "missing_lines": [17, 18, 19, 20, 23, 34, 40, 42, 47, 50, 51, 52, 53, 54, 57, 63, 66, 67, 68, 71, 72, 73, 75, 78, 91, 106, 107, 109, 110, 111, 113, 114, 115, 132, 134, 135, 136, 137, 140, 151, 152, 154, 156, 172, 173, 175, 176, 177, 179, 180, 190, 192, 194, 197, 198, 199, 200, 201, 202, 203, 206, 216, 217, 220, 222, 223, 232, 234, 235, 245, 246, 248, 259, 268, 269, 271, 273, 274, 275, 276, 277, 280, 281, 283, 285, 286, 287, 290, 299, 301, 302, 303, 304, 306, 307, 309, 311, 313, 314, 316, 317, 319, 320, 322, 324, 327, 329, 345, 348, 351, 356, 360, 363, 364, 365, 366, 367, 369, 370, 371, 373, 374, 377, 380, 381, 383, 386, 387], "excluded_lines": [], "functions": {"get_worktree_path": {"executed_lines": [], "summary": {"covered_lines": 0, "num_statements": 8, "percent_covered": 0.0, "percent_covered_display": "0", "missing_lines": 8, "excluded_lines": 0, "percent_statements_covered": 0.0, "percent_statements_covered_display": "0"}, "missing_lines": [40, 42, 47, 50, 51, 52, 53, 54], "excluded_lines": []}, "get_database_path": {"executed_lines": [], "summary": {"covered_lines": 0, "num_statements": 8, "percent_covered": 0.0, "percent_covered_display": "0", "missing_lines": 8, "excluded_lines": 0, "percent_statements_covered": 0.0, "percent_statements_covered_display": "0"}, "missing_lines": [63, 66, 67, 68, 71, 72, 73, 75], "excluded_lines": []}, "query_all_sessions": {"executed_lines": [], "summary": {"covered_lines": 0, "num_statements": 14, "percent_covered": 0.0, "percent_covered_display": "0", "missing_lines": 14, "excluded_lines": 0, "percent_statements_covered": 0.0, "percent_statements_covered_display": "0"}, "missing_lines": [91, 106, 107, 109, 110, 111, 113, 114, 115, 132, 134, 135, 136, 137], "excluded_lines": []}, "query_latest_sync": {"executed_lines": [], "summary": {"covered_lines": 0, "num_statements": 21, "percent_covered": 0.0, "percent_covered_display": "0", "missing_lines": 21, "excluded_lines": 0, "percent_statements_covered": 0.0, "percent_statements_covered_display": "0"}, "missing_lines": [151, 152, 154, 156, 172, 173, 175, 176, 177, 179, 180, 190, 192, 194, 197, 198, 199, 200, 201, 202, 203], "excluded_lines": []}, "get_workflow_state": {"executed_lines": [], "summary": {"covered_lines": 0, "num_statements": 11, "percent_covered": 0.0, "percent_covered_display": "0", "missing_lines": 11, "excluded_lines": 0, "percent_statements_covered": 0.0, "percent_statements_covered_display": "0"}, "missing_lines": [216, 217, 220, 222, 223, 232, 234, 235, 245, 246, 248], "excluded_lines": []}, "format_all_sessions": {"executed_lines": [], "summary": {"covered_lines": 0, "num_statements": 14, "percent_covered": 0.0, "percent_covered_display": "0", "missing_lines": 14, "excluded_lines": 0, "percent_statements_covered": 0.0, "percent_statements_covered_display": "0"}, "missing_lines": [268, 269, 271, 273, 274, 275, 276, 277, 280, 281, 283, 285, 286, 287], "excluded_lines": []}, "format_text": {"executed_lines": [], "summary": {"covered_lines": 0, "num_statements": 17, "percent_covered": 0.0, "percent_covered_display": "0", "missing_lines": 17, "excluded_lines": 0, "percent_statements_covered": 0.0, "percent_statements_covered_display": "0"}, "missing_lines": [299, 301, 302, 303, 304, 306, 307, 309, 311, 313, 314, 316, 317, 319, 320, 322, 324], "excluded_lines": []}, "main": {"executed_lines": [], "summary": {"covered_lines": 0, "num_statements": 20, "percent_covered": 0.0, "percent_covered_display": "0", "missing_lines": 20, "excluded_lines": 0, "percent_statements_covered": 0.0, "percent_statements_covered_display": "0"}, "missing_lines": [329, 345, 348, 351, 356, 360, 363, 364, 365, 366, 367, 369, 370, 371, 373, 374, 377, 380, 381, 383], "excluded_lines": []}, "": {"executed_lines": [], "summary": {"covered_lines": 0, "num_statements": 15, "percent_covered": 0.0, "percent_covered_display": "0", "missing_lines": 15, "excluded_lines": 0, "percent_statements_covered": 0.0, "percent_statements_covered_display": "0"}, "missing_lines": [17, 18, 19, 20, 23, 34, 57, 78, 140, 206, 259, 290, 327, 386, 387], "excluded_lines": []}}, "classes": {"": {"executed_lines": [], "summary": {"covered_lines": 0, "num_statements": 128, "percent_covered": 0.0, "percent_covered_display": "0", "missing_lines": 128, "excluded_lines": 0, "percent_statements_covered": 0.0, "percent_statements_covered_display": "0"}, "missing_lines": [17, 18, 19, 20, 23, 34, 40, 42, 47, 50, 51, 52, 53, 54, 57, 63, 66, 67, 68, 71, 72, 73, 75, 78, 91, 106, 107, 109, 110, 111, 113, 114, 115, 132, 134, 135, 136, 137, 140, 151, 152, 154, 156, 172, 173, 175, 176, 177, 179, 180, 190, 192, 194, 197, 198, 199, 200, 201, 202, 203, 206, 216, 217, 220, 222, 223, 232, 234, 235, 245, 246, 248, 259, 268, 269, 271, 273, 274, 275, 276, 277, 280, 281, 283, 285, 286, 287, 290, 299, 301, 302, 303, 304, 306, 307, 309, 311, 313, 314, 316, 317, 319, 320, 322, 324, 327, 329, 345, 348, 351, 356, 360, 363, 364, 365, 366, 367, 369, 370, 371, 373, 374, 377, 380, 381, 383, 386, 387], "excluded_lines": []}}}, ".claude/skills/agentdb-state-manager/scripts/record_sync.py": {"executed_lines": [], "summary": {"covered_lines": 0, "num_statements": 92, "percent_covered": 0.0, "percent_covered_display": "0", "missing_lines": 92, "excluded_lines": 0, "percent_statements_covered": 0.0, "percent_statements_covered_display": "0"}, "missing_lines": [17, 18, 19, 20, 21, 22, 23, 26, 29, 42, 48, 50, 55, 58, 59, 60, 61, 62, 65, 72, 75, 76, 77, 80, 81, 82, 85, 86, 89, 95, 96, 99, 100, 102, 103, 106, 132, 133, 135, 137, 140, 143, 144, 147, 150, 153, 154, 157, 160, 182, 183, 185, 186, 187, 188, 190, 191, 192, 194, 197, 199, 216, 219, 220, 221, 222, 225, 227, 230, 231, 232, 233, 234, 235, 236, 238, 239, 248, 249, 250, 251, 252, 253, 254, 256, 257, 258, 259, 260, 261, 264, 265], "excluded_lines": [], "functions": {"get_worktree_path": {"executed_lines": [], "summary": {"covered_lines": 0, "num_statements": 8, "percent_covered": 0.0, "percent_covered_display": "0", "missing_lines": 8, "excluded_lines": 0, "percent_statements_covered": 0.0, "percent_statements_covered_display": "0"}, "missing_lines": [48, 50, 55, 58, 59, 60, 61, 62], "excluded_lines": []}, "get_database_path": {"executed_lines": [], "summary": {"covered_lines": 0, "num_statements": 9, "percent_covered": 0.0, "percent_covered_display": "0", "missing_lines": 9, "excluded_lines": 0, "percent_statements_covered": 0.0, "percent_statements_covered_display": "0"}, "missing_lines": [72, 75, 76, 77, 80, 81, 82, 85, 86], "excluded_lines": []}, "init_database_if_needed": {"executed_lines": [], "summary": {"covered_lines": 0, "num_statements": 6, "percent_covered": 0.0, "percent_covered_display": "0", "missing_lines": 6, "excluded_lines": 0, "percent_statements_covered": 0.0, "percent_statements_covered_display": "0"}, "missing_lines": [95, 96, 99, 100, 102, 103], "excluded_lines": []}, "record_sync": {"executed_lines": [], "summary": {"covered_lines": 0, "num_statements": 23, "percent_covered": 0.0, "percent_covered_display": "0", "missing_lines": 23, "excluded_lines": 0, "percent_statements_covered": 
[...]
7, 568, 571, 579, 586, 587, 589, 591, 592, 596], "excluded_lines": []}, "": {"executed_lines": [], "summary": {"covered_lines": 0, "num_statements": 36, "percent_covered": 0.0, "percent_covered_display": "0", "missing_lines": 36, "excluded_lines": 0, "percent_statements_covered": 0.0, "percent_statements_covered_display": "0"}, "missing_lines": [29, 30, 31, 32, 33, 34, 35, 36, 37, 39, 42, 45, 46, 47, 48, 51, 71, 72, 123, 124, 145, 167, 188, 197, 199, 200, 252, 253, 297, 310, 318, 401, 415, 417, 418, 490], "excluded_lines": []}}, "classes": {"FlowTokenType": {"executed_lines": [], "summary": {"covered_lines": 0, "num_statements": 0, "percent_covered": 100.0, "percent_covered_display": "100", "missing_lines": 0, "excluded_lines": 0, "percent_statements_covered": 100.0, "percent_statements_covered_display": "100"}, "missing_lines": [], "excluded_lines": []}, "FlowTokenManager": {"executed_lines": [], "summary": {"covered_lines": 0, "num_statements": 23, "percent_covered": 0.0, "percent_covered_display": "0", "missing_lines": 23, "excluded_lines": 0, "percent_statements_covered": 0.0, "percent_statements_covered_display": "0"}, "missing_lines": [83, 86, 90, 93, 94, 97, 98, 99, 100, 103, 104, 111, 112, 113, 114, 116, 117, 118, 121, 139, 140, 141, 142], "excluded_lines": []}, "PHIDetector": {"executed_lines": [], "summary": {"covered_lines": 0, "num_statements": 32, "percent_covered": 0.0, "percent_covered_display": "0", "missing_lines": 32, "excluded_lines": 0, "percent_statements_covered": 0.0, "percent_statements_covered_display": "0"}, "missing_lines": [220, 221, 222, 225, 226, 227, 228, 231, 234, 235, 236, 237, 238, 241, 242, 243, 244, 245, 248, 250, 277, 278, 281, 282, 283, 286, 287, 288, 289, 292, 293, 294], "excluded_lines": []}, "ComplianceWrapper": {"executed_lines": [], "summary": {"covered_lines": 0, "num_statements": 20, "percent_covered": 0.0, "percent_covered_display": "0", "missing_lines": 20, "excluded_lines": 0, "percent_statements_covered": 0.0, "percent_statements_covered_display": "0"}, "missing_lines": [316, 348, 351, 354, 361, 362, 363, 364, 368, 371, 372, 373, 378, 380, 388, 389, 394, 396, 397, 398], "excluded_lines": []}, "SyncEngineFactory": {"executed_lines": [], "summary": {"covered_lines": 0, "num_statements": 23, "percent_covered": 0.0, "percent_covered_display": "0", "missing_lines": 23, "excluded_lines": 0, "percent_statements_covered": 0.0, "percent_statements_covered_display": "0"}, "missing_lines": [447, 449, 450, 451, 454, 455, 458, 459, 460, 463, 466, 467, 468, 470, 473, 474, 477, 480, 482, 483, 485, 486, 487], "excluded_lines": []}, "": {"executed_lines": [], "summary": {"covered_lines": 0, "num_statements": 56, "percent_covered": 0.0, "percent_covered_display": "0", "missing_lines": 56, "excluded_lines": 0, "percent_statements_covered": 0.0, "percent_statements_covered_display": "0"}, "missing_lines": [29, 30, 31, 32, 33, 34, 35, 36, 37, 39, 42, 45, 46, 47, 48, 51, 71, 72, 123, 124, 145, 167, 188, 197, 199, 200, 252, 253, 297, 310, 318, 401, 415, 417, 418, 490, 549, 550, 553, 554, 555, 557, 559, 562, 563, 566, 567, 568, 571, 579, 586, 587, 589, 591, 592, 596], "excluded_lines": []}}}, "tools/workflow-utilities/__init__.py": {"executed_lines": [], "summary": {"covered_lines": 0, "num_statements": 0, "percent_covered": 100.0, "percent_covered_display": "100", "missing_lines": 0, "excluded_lines": 0, "percent_statements_covered": 100.0, "percent_statements_covered_display": "100"}, "missing_lines": [], "excluded_lines": [], "functions": {"": {"executed_lines": [], "summary": {"covered_lines": 0, "num_statements": 0, "percent_covered": 100.0, "percent_covered_display": "100", "missing_lines": 0, "excluded_lines": 0, "percent_statements_covered": 100.0, "percent_statements_covered_display": "100"}, "missing_lines": [], "excluded_lines": []}}, "classes": {"": {"executed_lines": [], "summary": {"covered_lines": 0, "num_statements": 0, "percent_covered": 100.0, "percent_covered_display": "100", "missing_lines": 0, "excluded_lines": 0, "percent_statements_covered": 100.0, "percent_statements_covered_display": "100"}, "missing_lines": [], "excluded_lines": []}}}, "tools/workflow-utilities/archive_manager.py": {"executed_lines": [], "summary": {"covered_lines": 0, "num_statements": 73, "percent_covered": 0.0, "percent_covered_display": "0", "missing_lines": 73, "excluded_lines": 0, "percent_statements_covered": 0.0, "percent_statements_covered_display": "0"}, "missing_lines": [4, 5, 6, 7, 10, 13, 14, 15, 16, 18, 20, 21, 22, 24, 25, 27, 29, 30, 32, 33, 34, 36, 37, 38, 41, 42, 43, 45, 46, 48, 50, 52, 55, 58, 59, 60, 61, 63, 64, 66, 68, 69, 70, 71, 72, 74, 77, 78, 79, 80, 81, 82, 83, 84, 85, 86, 87, 88, 89, 91, 93, 94, 95, 97, 98, 99, 100, 102, 103, 104, 107, 108, 109], "excluded_lines": [], "functions": {"list_archives": {"executed_lines": [], "summary": {"covered_lines": 0, "num_statements": 27, "percent_covered": 0.0, "percent_covered_display": "0", "missing_lines": 27, "excluded_lines": 0, "percent_statements_covered": 0.0, "percent_statements_covered_display": "0"}, "missing_lines": [13, 14, 15, 16, 18, 20, 21, 22, 24, 25, 27, 29, 30, 32, 33, 34, 36, 37, 38, 41, 42, 43, 45, 46, 48, 50, 52], "excluded_lines": []}, "extract_archive": {"executed_lines": [], "summary": {"covered_lines": 0, "num_statements": 13, "percent_covered": 0.0, "percent_covered_display": "0", "missing_lines": 13, "excluded_lines": 0, "percent_statements_covered": 0.0, "percent_statements_covered_display": "0"}, "missing_lines": [58, 59, 60, 61, 63, 64, 66, 68, 69, 70, 71, 72, 74], "excluded_lines": []}, "": {"executed_lines": [], "summary": {"covered_lines": 0, "num_statements": 33, "percent_covered": 0.0, "percent_covered_display": "0", "missing_lines": 33, "excluded_lines": 0, "percent_statements_covered": 0.0, "percent_statements_covered_display": "0"}, "missing_lines": [4, 5, 6, 7, 10, 55, 77, 78, 79, 80, 81, 82, 83, 84, 85, 86, 87, 88, 89, 91, 93, 94, 95, 97, 98, 99, 100, 102, 103, 104, 107, 108, 109], "excluded_lines": []}}, "classes": {"": {"executed_lines": [], "summary": {"covered_lines": 0, "num_statements": 73, "percent_covered": 0.0, "percent_covered_display": "0", "missing_lines": 73, "excluded_lines": 0, "percent_statements_covered": 0.0, "percent_statements_covered_display": "0"}, "missing_lines": [4, 5, 6, 7, 10, 13, 14, 15, 16, 18, 20, 21, 22, 24, 25, 27, 29, 30, 32, 33, 34, 36, 37, 38, 41, 42, 43, 45, 46, 48, 50, 52, 55, 58, 59, 60, 61, 63, 64, 66, 68, 69, 70, 71, 72, 74, 77, 78, 79, 80, 81, 82, 83, 84, 85, 86, 87, 88, 89, 91, 93, 94, 95, 97, 98, 99, 100, 102, 103, 104, 107, 108, 109], "excluded_lines": []}}}, "tools/workflow-utilities/directory_structure.py": {"executed_lines": [], "summary": {"covered_lines": 0, "num_statements": 88, "percent_covered": 0.0, "percent_covered_display": "0", "missing_lines": 88, "excluded_lines": 0, "percent_statements_covered": 0.0, "percent_statements_covered_display": "0"}, "missing_lines": [4, 5, 8, 18, 19, 20, 22, 23, 24, 26, 29, 40, 41, 43, 44, 47, 60, 61, 63, 66, 68, 69, 70, 71, 72, 74, 75, 77, 80, 81, 84, 85, 86, 89, 90, 91, 94, 95, 96, 97, 98, 99, 101, 102, 103, 106, 109, 111, 123, 146, 148, 149, 153, 154, 155, 156, 157, 159, 163, 164, 166, 167, 170, 171, 172, 173, 174, 176, 177, 180, 181, 183, 194, 217, 218, 220, 221, 224, 225, 226, 229, 231, 234, 235, 236, 237, 238, 240], "excluded_lines": [], "functions": {"get_child_directories": {"executed_lines": [], "summary": {"covered_lines": 0, "num_statements": 7, "percent_covered": 0.0, "percent_covered_display": "0", "missing_lines": 7, "excluded_lines": 0, "percent_statements_covered": 0.0, "percent_statements_covered_display": "0"}, "missing_lines": [18, 19, 20, 22, 23, 24, 26], "excluded_lines": []}, "format_yaml_list": {"executed_lines": [], "summary": {"covered_lines": 0, "num_statements": 4, "percent_covered": 0.0, "percent_covered_display": "0", "missing_lines": 4, "excluded_lines": 0, "percent_statements_covered": 0.0, "percent_statements_covered_display": "0"}, "missing_lines": [40, 41, 43, 44], "excluded_lines": []}, "create_directory_structure": {"executed_lines": [], "summary": {"covered_lines": 0, "num_statements": 66, "percent_covered": 0.0, "percent_covered_display": "0", "missing_lines": 66, "excluded_lines": 0, "percent_statements_covered": 0.0, "percent_statements_covered_display": "0"}, "missing_lines": [60, 61, 63, 66, 68, 69, 70, 71, 72, 74, 75, 77, 80, 81, 84, 85, 86, 89, 90, 91, 94, 95, 96, 97, 98, 99, 101, 102, 103, 106, 109, 111, 123, 146, 148, 149, 153, 154, 155, 156, 157, 159, 163, 164, 166, 167, 170, 171, 172, 173, 174, 176, 177, 180, 181, 183, 194, 217, 218, 220, 221, 224, 225, 226, 229, 231], "excluded_lines": []}, "": {"executed_lines": [], "summary": {"covered_lines": 0, "num_statements": 11, "percent_covered": 0.0, "percent_covered_display": "0", "missing_lines": 11, "excluded_lines": 0, "percent_statements_covered": 0.0, "percent_statements_covered_display": "0"}, "missing_lines": [4, 5, 8, 29, 47, 234, 235, 236, 237, 238, 240], "excluded_lines": []}}, "classes": {"": {"executed_lines": [], "summary": {"covered_lines": 0, "num_statements": 88, "percent_covered": 0.0, "percent_covered_display": "0", "missing_lines": 88, "excluded_lines": 0, "percent_statements_covered": 0.0, "percent_statements_covered_display": "0"}, "missing_lines": [4, 5, 8, 18, 19, 20, 22, 23, 24, 26, 29, 40, 41, 43, 44, 47, 60, 61, 63, 66, 68, 69, 70, 71, 72, 74, 75, 77, 80, 81, 84, 85, 86, 89, 90, 91, 94, 95, 96, 97, 98, 99, 101, 102, 103, 106, 109, 111, 123, 146, 148, 149, 153, 154, 155, 156, 157, 159, 163, 164, 166, 167, 170, 171, 172, 173, 174, 176, 177, 180, 181, 183, 194, 217, 218, 220, 221, 224, 225, 226, 229, 231, 234, 235, 236, 237, 238, 240], "excluded_lines": []}}}, "tools/workflow-utilities/validate_versions.py": {"executed_lines": [], "summary": {"covered_lines": 0, "num_statements": 216, "percent_covered": 0.0, "percent_covered_display": "0", "missing_lines": 216, "excluded_lines": 0, "percent_statements_covered": 0.0, "percent_statements_covered_display": "0"}, "missing_lines": [30, 31, 32, 35, 47, 48, 51, 54, 55, 56, 57, 59, 60, 63, 66, 67, 68, 69, 70, 71, 73, 75, 76, 78, 80, 82, 84, 86, 98, 99, 100, 101, 103, 112, 113, 114, 116, 117, 118, 119, 120, 122, 124, 134, 136, 137, 138, 140, 143, 144, 145, 146, 149, 150, 151, 153, 154, 155, 158, 159, 160, 161, 167, 168, 169, 170, 173, 176, 178, 180, 182, 188, 189, 191, 192, 193, 194, 196, 198, 199, 200, 201, 202, 204, 205, 207, 209, 215, 216, 218, 219, 220, 221, 223, 226, 227, 228, 229, 231, 232, 233, 234, 238, 240, 244, 245, 247, 249, 250, 251, 255, 257, 263, 264, 266, 267, 268, 269, 271, 274, 275, 276, 277, 280, 281, 282, 283, 284, 288, 290, 292, 294, 296, 302, 303, 305, 306, 307, 308, 310, 314, 315, 317, 318, 319, 320, 321, 325, 327, 329, 331, 337, 338, 339, 341, 342, 343, 344, 346, 348, 349, 350, 351, 353, 355, 356, 357, 358, 359, 360, 362, 364, 370, 371, 372, 373, 374, 376, 379, 380, 383, 384, 387, 388, 391, 392, 394, 397, 399, 401, 404, 405, 411, 413, 414, 415, 418, 419, 421, 424, 425, 426, 427, 428, 429, 430, 433, 434, 437, 440, 441, 442, 444, 445, 448, 449], "excluded_lines": [], "functions": {"ValidationError.__init__": {"executed_lines": [], "summary": {"covered_lines": 0, "num_statements": 3, "percent_covered": 0.0, "percent_covered_display": "0", "missing_lines": 3, "excluded_lines": 0, "percent_statements_covered": 0.0, "percent_statements_covered_display": "0"}, "missing_lines": [55, 56, 57], "excluded_lines": []}, "ValidationError.__str__": {"executed_lines": [], "summary": {"covered_lines": 0, "num_statements": 1, "percent_covered": 0.0, "percent_covered_display": "0", "missing_lines": 1, "excluded_lines": 0, "percent_statements_covered": 0.0, "percent_statements_covered_display": "0"}, "missing_lines": [60], "excluded_lines": []}, "VersionValidator.__init__": {"executed_lines": [], "summary": {"covered_lines": 0, "num_statements": 5, "percent_covered": 0.0, "percent_covered_display": "0", "missing_lines": 5, "excluded_lines": 0, "percent_statements_covered": 0.0, "percent_statements_covered_display": "0"}, "missing_lines": [67, 68, 69, 70, 71], "excluded_lines": []}, "VersionValidator.log": {"executed_lines": [], "summary": {"covered_lines": 0, "num_statements": 2, "percent_covered": 0.0, "percent_covered_display": "0", "missing_lines": 2, "excluded_lines": 0, "percent_statements_covered": 0.0, "percent_statements_covered_display": "0"}, "missing_lines": [75, 76], "excluded_lines": []}, "VersionValidator.add_error": {"executed_lines": [], "summary": {"covered_lines": 0, "num_statements": 1, "percent_covered": 0.0, "percent_covered_display": "0", "missing_lines": 1, "excluded_lines": 0, "percent_statements_covered": 0.0, "percent_statements_covered_display": "0"}, "missing_lines": [80], "excluded_lines": []}, "VersionValidator.add_warning": {"executed_lines": [], "summary": {"covered_lines": 0, "num_statements": 1, "percent_covered": 0.0, "percent_covered_display": "0", "missing_lines": 1, "excluded_lines": 0, "percent_statements_covered": 0.0, "percent_statements_covered_display": "0"}, "missing_lines": [84], "excluded_lines": []}, "VersionValidator.parse_version": {"executed_lines": [], "summary": {"covered_lines": 0, "num_statements": 4, "percent_covered": 0.0, "percent_covered_display": "0", "missing_lines": 4, "excluded_lines": 0, "percent_statements_covered": 0.0, "percent_statements_covered_display": "0"}, "missing_lines": [98, 99, 100, 101], "excluded_lines": []}, "VersionValidator.extract_yaml_frontmatter": {"executed_lines": [], "summary": {"covered_lines": 0, "num_statements": 9, "percent_covered": 0.0, "percent_covered_display": "0", "missing_lines": 9, "excluded_lines": 0, "percent_statements_covered": 0.0, "percent_statements_covered_display": "0"}, "missing_lines": [112, 113, 114, 116, 117, 118, 119, 120, 122], "excluded_lines": []}, "VersionValidator.validate_skill_file": {"executed_lines": [], "summary": {"covered_lines": 0, "num_statements": 27, "percent_covered": 0.0, "percent_covered_display": "0", "missing_lines": 27, "excluded_lines": 0, "percent_statements_covered": 0.0, "percent_statements_covered_display": "0"}, "missing_lines": [134, 136, 137, 138, 140, 143, 144, 145, 146, 149, 150, 151, 153, 154, 155, 158, 159, 160, 161, 167, 168, 169, 170, 173, 176, 178, 180], "excluded_lines": []}, "VersionValidator.validate_all_skills": {"executed_lines": [], "summary": {"covered_lines": 0, "num_statements": 15, "percent_covered": 0.0, "percent_covered_display": "0", "missing_lines": 15, "excluded_lines": 0, "percent_statements_covered": 0.0, "percent_statements_covered_display": "0"}, "missing_lines": [188, 189, 191, 192, 193, 194, 196, 198, 199, 200, 201, 202, 204, 205, 207], "excluded_lines": []}, "VersionValidator.validate_workflow_md": {"executed_lines": [], "summary": {"covered_lines": 0, "num_statements": 24, "percent_covered": 0.0, "percent_covered_display": "0", "missing_lines": 24, "excluded_lines": 0, "percent_statements_covered": 0.0, "percent_statements_covered_display": "0"}, "missing_lines": [215, 216, 218, 219, 220, 221, 223, 226, 227, 228, 229, 231, 232, 233, 234, 238, 240, 244, 245, 247, 249, 250, 251, 255], "excluded_lines": []}, "VersionValidator.validate_todo_md": {"executed_lines": [], "summary": {"covered_lines": 0, "num_statements": 20, "percent_covered": 0.0, "percent_covered_display": "0", "missing_lines": 20, "excluded_lines": 0, "percent_statements_covered": 0.0, "percent_statements_covered_display": "0"}, "missing_lines": [263, 264, 266, 267, 268, 269, 271, 274, 275, 276, 277, 280, 281, 282, 283, 284, 288, 290, 292, 294], "excluded_lines": []}, "VersionValidator.validate_claude_md": {"executed_lines": [], "summary": {"covered_lines": 0, "num_statements": 17, "percent_covered": 0.0, "percent_covered_display": "0", "missing_lines": 17, "excluded_lines": 0, "percent_statements_covered": 0.0, "percent_statements_covered_display": "0"}, "missing_lines": [302, 303, 305, 306, 307, 308, 310, 314, 315, 317, 318, 319, 320, 321, 325, 327, 329], "excluded_lines": []}, "VersionValidator.print_summary": {"executed_lines": [], "summary": {"covered_lines": 0, "num_statements": 20, "percent_covered": 0.0, "percent_covered_display": "0", "missing_lines": 20, "excluded_lines": 0, "percent_statements_covered": 0.0, "percent_statements_covered_display": "0"}, "missing_lines": [337, 338, 339, 341, 342, 343, 344, 346, 348, 349, 350, 351, 353, 355, 356, 357, 358, 359, 360, 362], "excluded_lines": []}, "VersionValidator.run_validation": {"executed_lines": [], "summary": {"covered_lines": 0, "num_statements": 15, "percent_covered": 0.0, "percent_covered_display": "0", "missing_lines": 15, "excluded_lines": 0, "percent_statements_covered": 0.0, "percent_statements_covered_display": "0"}, "missing_lines": [370, 371, 372, 373, 374, 376, 379, 380, 383, 384, 387, 388, 391, 392, 394], "excluded_lines": []}, "main": {"executed_lines": [], "summary": {"covered_lines": 0, "num_statements": 26, "percent_covered": 0.0, "percent_covered_display": "0", "missing_lines": 26, "excluded_lines": 0, "percent_statements_covered": 0.0, "percent_statements_covered_display": "0"}, "missing_lines": [399, 401, 404, 405, 411, 413, 414, 415, 418, 419, 421, 424, 425, 426, 427, 428, 429, 430, 433, 434, 437, 440, 441, 442, 444, 445], "excluded_lines": []}, "": {"executed_lines": [], "summary": {"covered_lines": 0, "num_statements": 26, "percent_covered": 0.0, "percent_covered_display": "0", "missing_lines": 26, "excluded_lines": 0, "percent_statements_covered": 0.0, "percent_statements_covered_display": "0"}, "missing_lines": [30, 31, 32, 35, 47, 48, 51, 54, 59, 63, 66, 73, 78, 82, 86, 103, 124, 182, 209, 257, 296, 331, 364, 397, 448, 449], "excluded_lines": []}}, "classes": {"ValidationError": {"executed_lines": [], "summary": {"covered_lines": 0, "num_statements": 4, "percent_covered": 0.0, "percent_covered_display": "0", "missing_lines": 4, "excluded_lines": 0, "percent_statements_covered": 0.0, "percent_statements_covered_display": "0"}, "missing_lines": [55, 56, 57, 60], "excluded_lines": []}, "VersionValidator": {"executed_lines": [], "summary": {"covered_lines": 0, "num_statements": 160, "percent_covered": 0.0, "percent_covered_display": "0", "missing_lines": 160, "excluded_lines": 0, "percent_statements_covered": 0.0, "percent_statements_covered_display": "0"}, "missing_lines": [67, 68, 69, 70, 71, 75, 76, 80, 84, 98, 99, 100, 101, 112, 113, 114, 116, 117, 118, 119, 120, 122, 134, 136, 137, 138, 140, 143, 144, 145, 146, 149, 150, 151, 153, 154, 155, 158, 159, 160, 161, 167, 168, 169, 170, 173, 176, 178, 180, 188, 189, 191, 192, 193, 194, 196, 198, 199, 200, 201, 202, 204, 205, 207, 215, 216, 218, 219, 220, 221, 223, 226, 227, 228, 229, 231, 232, 233, 234, 238, 240, 244, 245, 247, 249, 250, 251, 255, 263, 264, 266, 267, 268, 269, 271, 274, 275, 276, 277, 280, 281, 282, 283, 284, 288, 290, 292, 294, 302, 303, 305, 306, 307, 308, 310, 314, 315, 317, 318, 319, 320, 321, 325, 327, 329, 337, 338, 339, 341, 342, 343, 344, 346, 348, 349, 350, 351, 353, 355, 356, 357, 358, 359, 360, 362, 370, 371, 372, 373, 374, 376, 379, 380, 383, 384, 387, 388, 391, 392, 394], "excluded_lines": []}, "": {"executed_lines": [], "summary": {"covered_lines": 0, "num_statements": 52, "percent_covered": 0.0, "percent_covered_display": "0", "missing_lines": 52, "excluded_lines": 0, "percent_statements_covered": 0.0, "percent_statements_covered_display": "0"}, "missing_lines": [30, 31, 32, 35, 47, 48, 51, 54, 59, 63, 66, 73, 78, 82, 86, 103, 124, 182, 209, 257, 296, 331, 364, 397, 399, 401, 404, 405, 411, 413, 414, 415, 418, 419, 421, 424, 425, 426, 427, 428, 429, 430, 433, 434, 437, 440, 441, 442, 444, 445, 448, 449], "excluded_lines": []}}}}, "totals": {"covered_lines": 0, "num_statements": 2653, "percent_covered": 0.0, "percent_covered_display": "0", "missing_lines": 2653, "excluded_lines": 0, "percent_statements_covered": 0.0, "percent_statements_covered_display": "0"}}
